[0.329s] DEBUG:colcon:Command line arguments: ['/usr/bin/colcon', 'build']
[0.329s] DEBUG:colcon:Parsed command line arguments: Namespace(log_base=None, log_level=None, verb_name='build', build_base='build', install_base='install', merge_install=False, symlink_install=False, test_result_base=None, continue_on_error=False, executor='parallel', parallel_workers=4, event_handlers=None, ignore_user_meta=False, metas=['./colcon.meta'], base_paths=['.'], packages_ignore=None, packages_ignore_regex=None, paths=None, packages_up_to=None, packages_up_to_regex=None, packages_above=None, packages_above_and_dependencies=None, packages_above_depth=None, packages_select_by_dep=None, packages_skip_by_dep=None, packages_skip_up_to=None, packages_select_build_failed=False, packages_skip_build_finished=False, packages_select_test_failures=False, packages_skip_test_passed=False, packages_select=None, packages_skip=None, packages_select_regex=None, packages_skip_regex=None, packages_start=None, packages_end=None, allow_overriding=[], cmake_args=None, cmake_target=None, cmake_target_skip_unavailable=False, cmake_clean_cache=False, cmake_clean_first=False, cmake_force_configure=False, ament_cmake_args=None, catkin_cmake_args=None, catkin_skip_building_tests=False, mixin_files=None, mixin=None, verb_parser=<colcon_mixin.mixin.mixin_argument.MixinArgumentDecorator object at 0x78c9235a1520>, verb_extension=<colcon_core.verb.build.BuildVerb object at 0x78c9236c1af0>, main=<bound method BuildVerb.main of <colcon_core.verb.build.BuildVerb object at 0x78c9236c1af0>>, mixin_verb=('build',))
[0.424s] Level 1:colcon.colcon_core.package_discovery:discover_packages(colcon_meta) check parameters
[0.424s] Level 1:colcon.colcon_core.package_discovery:discover_packages(recursive) check parameters
[0.424s] Level 1:colcon.colcon_core.package_discovery:discover_packages(ignore) check parameters
[0.424s] Level 1:colcon.colcon_core.package_discovery:discover_packages(path) check parameters
[0.424s] Level 1:colcon.colcon_core.package_discovery:discover_packages(colcon_meta) discover
[0.424s] Level 1:colcon.colcon_core.package_discovery:discover_packages(recursive) discover
[0.424s] INFO:colcon.colcon_core.package_discovery:Crawling recursively for packages in '/home/info/ME4857Assignment2'
[0.425s] Level 1:colcon.colcon_core.package_identification:_identify(.) by extensions ['ignore', 'ignore_ament_install']
[0.425s] Level 1:colcon.colcon_core.package_identification:_identify(.) by extension 'ignore'
[0.425s] Level 1:colcon.colcon_core.package_identification:_identify(.) by extension 'ignore_ament_install'
[0.425s] Level 1:colcon.colcon_core.package_identification:_identify(.) by extensions ['colcon_pkg']
[0.425s] Level 1:colcon.colcon_core.package_identification:_identify(.) by extension 'colcon_pkg'
[0.425s] Level 1:colcon.colcon_core.package_identification:_identify(.) by extensions ['colcon_meta']
[0.425s] Level 1:colcon.colcon_core.package_identification:_identify(.) by extension 'colcon_meta'
[0.425s] Level 1:colcon.colcon_core.package_identification:_identify(.) by extensions ['ros']
[0.426s] Level 1:colcon.colcon_core.package_identification:_identify(.) by extension 'ros'
[0.482s] Level 1:colcon.colcon_core.package_identification:_identify(.) by extensions ['cmake', 'python']
[0.483s] Level 1:colcon.colcon_core.package_identification:_identify(.) by extension 'cmake'
[0.483s] Level 1:colcon.colcon_core.package_identification:_identify(.) by extension 'python'
[0.483s] Level 1:colcon.colcon_core.package_identification:_identify(.) by extensions ['python_setup_py']
[0.483s] Level 1:colcon.colcon_core.package_identification:_identify(.) by extension 'python_setup_py'
[0.483s] Level 1:colcon.colcon_core.package_identification:_identify(build) by extensions ['ignore', 'ignore_ament_install']
[0.484s] Level 1:colcon.colcon_core.package_identification:_identify(build) by extension 'ignore'
[0.484s] Level 1:colcon.colcon_core.package_identification:_identify(build) ignored
[0.484s] Level 1:colcon.colcon_core.package_identification:_identify(install) by extensions ['ignore', 'ignore_ament_install']
[0.484s] Level 1:colcon.colcon_core.package_identification:_identify(install) by extension 'ignore'
[0.484s] Level 1:colcon.colcon_core.package_identification:_identify(install) ignored
[0.484s] Level 1:colcon.colcon_core.package_identification:_identify(log) by extensions ['ignore', 'ignore_ament_install']
[0.485s] Level 1:colcon.colcon_core.package_identification:_identify(log) by extension 'ignore'
[0.485s] Level 1:colcon.colcon_core.package_identification:_identify(log) ignored
[0.485s] Level 1:colcon.colcon_core.package_identification:_identify(src) by extensions ['ignore', 'ignore_ament_install']
[0.485s] Level 1:colcon.colcon_core.package_identification:_identify(src) by extension 'ignore'
[0.485s] Level 1:colcon.colcon_core.package_identification:_identify(src) by extension 'ignore_ament_install'
[0.485s] Level 1:colcon.colcon_core.package_identification:_identify(src) by extensions ['colcon_pkg']
[0.485s] Level 1:colcon.colcon_core.package_identification:_identify(src) by extension 'colcon_pkg'
[0.486s] Level 1:colcon.colcon_core.package_identification:_identify(src) by extensions ['colcon_meta']
[0.486s] Level 1:colcon.colcon_core.package_identification:_identify(src) by extension 'colcon_meta'
[0.486s] Level 1:colcon.colcon_core.package_identification:_identify(src) by extensions ['ros']
[0.486s] Level 1:colcon.colcon_core.package_identification:_identify(src) by extension 'ros'
[0.486s] Level 1:colcon.colcon_core.package_identification:_identify(src) by extensions ['cmake', 'python']
[0.486s] Level 1:colcon.colcon_core.package_identification:_identify(src) by extension 'cmake'
[0.486s] Level 1:colcon.colcon_core.package_identification:_identify(src) by extension 'python'
[0.486s] Level 1:colcon.colcon_core.package_identification:_identify(src) by extensions ['python_setup_py']
[0.486s] Level 1:colcon.colcon_core.package_identification:_identify(src) by extension 'python_setup_py'
[0.487s] Level 1:colcon.colcon_core.package_identification:_identify(src/bt) by extensions ['ignore', 'ignore_ament_install']
[0.487s] Level 1:colcon.colcon_core.package_identification:_identify(src/bt) by extension 'ignore'
[0.487s] Level 1:colcon.colcon_core.package_identification:_identify(src/bt) by extension 'ignore_ament_install'
[0.487s] Level 1:colcon.colcon_core.package_identification:_identify(src/bt) by extensions ['colcon_pkg']
[0.487s] Level 1:colcon.colcon_core.package_identification:_identify(src/bt) by extension 'colcon_pkg'
[0.487s] Level 1:colcon.colcon_core.package_identification:_identify(src/bt) by extensions ['colcon_meta']
[0.487s] Level 1:colcon.colcon_core.package_identification:_identify(src/bt) by extension 'colcon_meta'
[0.487s] Level 1:colcon.colcon_core.package_identification:_identify(src/bt) by extensions ['ros']
[0.487s] Level 1:colcon.colcon_core.package_identification:_identify(src/bt) by extension 'ros'
[0.488s] Level 1:colcon.colcon_core.package_identification:_identify(src/bt) by extensions ['cmake', 'python']
[0.488s] Level 1:colcon.colcon_core.package_identification:_identify(src/bt) by extension 'cmake'
[0.488s] Level 1:colcon.colcon_core.package_identification:_identify(src/bt) by extension 'python'
[0.488s] Level 1:colcon.colcon_core.package_identification:_identify(src/bt) by extensions ['python_setup_py']
[0.488s] Level 1:colcon.colcon_core.package_identification:_identify(src/bt) by extension 'python_setup_py'
[0.488s] Level 1:colcon.colcon_core.package_identification:_identify(src/bt/bt_xml) by extensions ['ignore', 'ignore_ament_install']
[0.488s] Level 1:colcon.colcon_core.package_identification:_identify(src/bt/bt_xml) by extension 'ignore'
[0.488s] Level 1:colcon.colcon_core.package_identification:_identify(src/bt/bt_xml) by extension 'ignore_ament_install'
[0.489s] Level 1:colcon.colcon_core.package_identification:_identify(src/bt/bt_xml) by extensions ['colcon_pkg']
[0.489s] Level 1:colcon.colcon_core.package_identification:_identify(src/bt/bt_xml) by extension 'colcon_pkg'
[0.489s] Level 1:colcon.colcon_core.package_identification:_identify(src/bt/bt_xml) by extensions ['colcon_meta']
[0.489s] Level 1:colcon.colcon_core.package_identification:_identify(src/bt/bt_xml) by extension 'colcon_meta'
[0.489s] Level 1:colcon.colcon_core.package_identification:_identify(src/bt/bt_xml) by extensions ['ros']
[0.489s] Level 1:colcon.colcon_core.package_identification:_identify(src/bt/bt_xml) by extension 'ros'
[0.489s] Level 1:colcon.colcon_core.package_identification:_identify(src/bt/bt_xml) by extensions ['cmake', 'python']
[0.489s] Level 1:colcon.colcon_core.package_identification:_identify(src/bt/bt_xml) by extension 'cmake'
[0.489s] Level 1:colcon.colcon_core.package_identification:_identify(src/bt/bt_xml) by extension 'python'
[0.489s] Level 1:colcon.colcon_core.package_identification:_identify(src/bt/bt_xml) by extensions ['python_setup_py']
[0.490s] Level 1:colcon.colcon_core.package_identification:_identify(src/bt/bt_xml) by extension 'python_setup_py'
[0.490s] Level 1:colcon.colcon_core.package_identification:_identify(src/bt/config) by extensions ['ignore', 'ignore_ament_install']
[0.490s] Level 1:colcon.colcon_core.package_identification:_identify(src/bt/config) by extension 'ignore'
[0.490s] Level 1:colcon.colcon_core.package_identification:_identify(src/bt/config) by extension 'ignore_ament_install'
[0.490s] Level 1:colcon.colcon_core.package_identification:_identify(src/bt/config) by extensions ['colcon_pkg']
[0.490s] Level 1:colcon.colcon_core.package_identification:_identify(src/bt/config) by extension 'colcon_pkg'
[0.490s] Level 1:colcon.colcon_core.package_identification:_identify(src/bt/config) by extensions ['colcon_meta']
[0.490s] Level 1:colcon.colcon_core.package_identification:_identify(src/bt/config) by extension 'colcon_meta'
[0.490s] Level 1:colcon.colcon_core.package_identification:_identify(src/bt/config) by extensions ['ros']
[0.491s] Level 1:colcon.colcon_core.package_identification:_identify(src/bt/config) by extension 'ros'
[0.491s] Level 1:colcon.colcon_core.package_identification:_identify(src/bt/config) by extensions ['cmake', 'python']
[0.491s] Level 1:colcon.colcon_core.package_identification:_identify(src/bt/config) by extension 'cmake'
[0.491s] Level 1:colcon.colcon_core.package_identification:_identify(src/bt/config) by extension 'python'
[0.491s] Level 1:colcon.colcon_core.package_identification:_identify(src/bt/config) by extensions ['python_setup_py']
[0.491s] Level 1:colcon.colcon_core.package_identification:_identify(src/bt/config) by extension 'python_setup_py'
[0.491s] Level 1:colcon.colcon_core.package_identification:_identify(src/bt/launch) by extensions ['ignore', 'ignore_ament_install']
[0.492s] Level 1:colcon.colcon_core.package_identification:_identify(src/bt/launch) by extension 'ignore'
[0.492s] Level 1:colcon.colcon_core.package_identification:_identify(src/bt/launch) by extension 'ignore_ament_install'
[0.492s] Level 1:colcon.colcon_core.package_identification:_identify(src/bt/launch) by extensions ['colcon_pkg']
[0.492s] Level 1:colcon.colcon_core.package_identification:_identify(src/bt/launch) by extension 'colcon_pkg'
[0.492s] Level 1:colcon.colcon_core.package_identification:_identify(src/bt/launch) by extensions ['colcon_meta']
[0.492s] Level 1:colcon.colcon_core.package_identification:_identify(src/bt/launch) by extension 'colcon_meta'
[0.492s] Level 1:colcon.colcon_core.package_identification:_identify(src/bt/launch) by extensions ['ros']
[0.493s] Level 1:colcon.colcon_core.package_identification:_identify(src/bt/launch) by extension 'ros'
[0.493s] Level 1:colcon.colcon_core.package_identification:_identify(src/bt/launch) by extensions ['cmake', 'python']
[0.493s] Level 1:colcon.colcon_core.package_identification:_identify(src/bt/launch) by extension 'cmake'
[0.493s] Level 1:colcon.colcon_core.package_identification:_identify(src/bt/launch) by extension 'python'
[0.493s] Level 1:colcon.colcon_core.package_identification:_identify(src/bt/launch) by extensions ['python_setup_py']
[0.493s] Level 1:colcon.colcon_core.package_identification:_identify(src/bt/launch) by extension 'python_setup_py'
[0.493s] Level 1:colcon.colcon_core.package_identification:_identify(src/gazebo) by extensions ['ignore', 'ignore_ament_install']
[0.493s] Level 1:colcon.colcon_core.package_identification:_identify(src/gazebo) by extension 'ignore'
[0.494s] Level 1:colcon.colcon_core.package_identification:_identify(src/gazebo) by extension 'ignore_ament_install'
[0.494s] Level 1:colcon.colcon_core.package_identification:_identify(src/gazebo) by extensions ['colcon_pkg']
[0.494s] Level 1:colcon.colcon_core.package_identification:_identify(src/gazebo) by extension 'colcon_pkg'
[0.494s] Level 1:colcon.colcon_core.package_identification:_identify(src/gazebo) by extensions ['colcon_meta']
[0.494s] Level 1:colcon.colcon_core.package_identification:_identify(src/gazebo) by extension 'colcon_meta'
[0.494s] Level 1:colcon.colcon_core.package_identification:_identify(src/gazebo) by extensions ['ros']
[0.494s] Level 1:colcon.colcon_core.package_identification:_identify(src/gazebo) by extension 'ros'
[0.499s] DEBUG:colcon.colcon_core.package_identification:Package 'src/gazebo' with type 'ros.ament_cmake' and name 'gazebo_worlds'
[0.499s] Level 1:colcon.colcon_core.package_identification:_identify(src/navigation) by extensions ['ignore', 'ignore_ament_install']
[0.499s] Level 1:colcon.colcon_core.package_identification:_identify(src/navigation) by extension 'ignore'
[0.499s] Level 1:colcon.colcon_core.package_identification:_identify(src/navigation) by extension 'ignore_ament_install'
[0.499s] Level 1:colcon.colcon_core.package_identification:_identify(src/navigation) by extensions ['colcon_pkg']
[0.499s] Level 1:colcon.colcon_core.package_identification:_identify(src/navigation) by extension 'colcon_pkg'
[0.500s] Level 1:colcon.colcon_core.package_identification:_identify(src/navigation) by extensions ['colcon_meta']
[0.500s] Level 1:colcon.colcon_core.package_identification:_identify(src/navigation) by extension 'colcon_meta'
[0.500s] Level 1:colcon.colcon_core.package_identification:_identify(src/navigation) by extensions ['ros']
[0.500s] Level 1:colcon.colcon_core.package_identification:_identify(src/navigation) by extension 'ros'
[0.500s] Level 1:colcon.colcon_core.package_identification:_identify(src/navigation) by extensions ['cmake', 'python']
[0.500s] Level 1:colcon.colcon_core.package_identification:_identify(src/navigation) by extension 'cmake'
[0.500s] Level 1:colcon.colcon_core.package_identification:_identify(src/navigation) by extension 'python'
[0.500s] Level 1:colcon.colcon_core.package_identification:_identify(src/navigation) by extensions ['python_setup_py']
[0.500s] Level 1:colcon.colcon_core.package_identification:_identify(src/navigation) by extension 'python_setup_py'
[0.501s] Level 1:colcon.colcon_core.package_identification:_identify(src/navigation/config) by extensions ['ignore', 'ignore_ament_install']
[0.501s] Level 1:colcon.colcon_core.package_identification:_identify(src/navigation/config) by extension 'ignore'
[0.501s] Level 1:colcon.colcon_core.package_identification:_identify(src/navigation/config) by extension 'ignore_ament_install'
[0.501s] Level 1:colcon.colcon_core.package_identification:_identify(src/navigation/config) by extensions ['colcon_pkg']
[0.501s] Level 1:colcon.colcon_core.package_identification:_identify(src/navigation/config) by extension 'colcon_pkg'
[0.501s] Level 1:colcon.colcon_core.package_identification:_identify(src/navigation/config) by extensions ['colcon_meta']
[0.501s] Level 1:colcon.colcon_core.package_identification:_identify(src/navigation/config) by extension 'colcon_meta'
[0.501s] Level 1:colcon.colcon_core.package_identification:_identify(src/navigation/config) by extensions ['ros']
[0.501s] Level 1:colcon.colcon_core.package_identification:_identify(src/navigation/config) by extension 'ros'
[0.502s] Level 1:colcon.colcon_core.package_identification:_identify(src/navigation/config) by extensions ['cmake', 'python']
[0.502s] Level 1:colcon.colcon_core.package_identification:_identify(src/navigation/config) by extension 'cmake'
[0.502s] Level 1:colcon.colcon_core.package_identification:_identify(src/navigation/config) by extension 'python'
[0.502s] Level 1:colcon.colcon_core.package_identification:_identify(src/navigation/config) by extensions ['python_setup_py']
[0.502s] Level 1:colcon.colcon_core.package_identification:_identify(src/navigation/config) by extension 'python_setup_py'
[0.502s] Level 1:colcon.colcon_core.package_identification:_identify(src/navigation/maps) by extensions ['ignore', 'ignore_ament_install']
[0.502s] Level 1:colcon.colcon_core.package_identification:_identify(src/navigation/maps) by extension 'ignore'
[0.502s] Level 1:colcon.colcon_core.package_identification:_identify(src/navigation/maps) by extension 'ignore_ament_install'
[0.503s] Level 1:colcon.colcon_core.package_identification:_identify(src/navigation/maps) by extensions ['colcon_pkg']
[0.503s] Level 1:colcon.colcon_core.package_identification:_identify(src/navigation/maps) by extension 'colcon_pkg'
[0.503s] Level 1:colcon.colcon_core.package_identification:_identify(src/navigation/maps) by extensions ['colcon_meta']
[0.503s] Level 1:colcon.colcon_core.package_identification:_identify(src/navigation/maps) by extension 'colcon_meta'
[0.503s] Level 1:colcon.colcon_core.package_identification:_identify(src/navigation/maps) by extensions ['ros']
[0.503s] Level 1:colcon.colcon_core.package_identification:_identify(src/navigation/maps) by extension 'ros'
[0.503s] Level 1:colcon.colcon_core.package_identification:_identify(src/navigation/maps) by extensions ['cmake', 'python']
[0.503s] Level 1:colcon.colcon_core.package_identification:_identify(src/navigation/maps) by extension 'cmake'
[0.503s] Level 1:colcon.colcon_core.package_identification:_identify(src/navigation/maps) by extension 'python'
[0.504s] Level 1:colcon.colcon_core.package_identification:_identify(src/navigation/maps) by extensions ['python_setup_py']
[0.504s] Level 1:colcon.colcon_core.package_identification:_identify(src/navigation/maps) by extension 'python_setup_py'
[0.504s] Level 1:colcon.colcon_core.package_identification:_identify(src/perception) by extensions ['ignore', 'ignore_ament_install']
[0.504s] Level 1:colcon.colcon_core.package_identification:_identify(src/perception) by extension 'ignore'
[0.504s] Level 1:colcon.colcon_core.package_identification:_identify(src/perception) by extension 'ignore_ament_install'
[0.504s] Level 1:colcon.colcon_core.package_identification:_identify(src/perception) by extensions ['colcon_pkg']
[0.504s] Level 1:colcon.colcon_core.package_identification:_identify(src/perception) by extension 'colcon_pkg'
[0.504s] Level 1:colcon.colcon_core.package_identification:_identify(src/perception) by extensions ['colcon_meta']
[0.504s] Level 1:colcon.colcon_core.package_identification:_identify(src/perception) by extension 'colcon_meta'
[0.505s] Level 1:colcon.colcon_core.package_identification:_identify(src/perception) by extensions ['ros']
[0.505s] Level 1:colcon.colcon_core.package_identification:_identify(src/perception) by extension 'ros'
[0.505s] Level 1:colcon.colcon_core.package_identification:_identify(src/perception) by extensions ['cmake', 'python']
[0.505s] Level 1:colcon.colcon_core.package_identification:_identify(src/perception) by extension 'cmake'
[0.505s] Level 1:colcon.colcon_core.package_identification:_identify(src/perception) by extension 'python'
[0.505s] Level 1:colcon.colcon_core.package_identification:_identify(src/perception) by extensions ['python_setup_py']
[0.505s] Level 1:colcon.colcon_core.package_identification:_identify(src/perception) by extension 'python_setup_py'
[0.505s] Level 1:colcon.colcon_core.package_identification:_identify(src/perception/New folder) by extensions ['ignore', 'ignore_ament_install']
[0.505s] Level 1:colcon.colcon_core.package_identification:_identify(src/perception/New folder) by extension 'ignore'
[0.506s] Level 1:colcon.colcon_core.package_identification:_identify(src/perception/New folder) by extension 'ignore_ament_install'
[0.506s] Level 1:colcon.colcon_core.package_identification:_identify(src/perception/New folder) by extensions ['colcon_pkg']
[0.506s] Level 1:colcon.colcon_core.package_identification:_identify(src/perception/New folder) by extension 'colcon_pkg'
[0.506s] Level 1:colcon.colcon_core.package_identification:_identify(src/perception/New folder) by extensions ['colcon_meta']
[0.506s] Level 1:colcon.colcon_core.package_identification:_identify(src/perception/New folder) by extension 'colcon_meta'
[0.506s] Level 1:colcon.colcon_core.package_identification:_identify(src/perception/New folder) by extensions ['ros']
[0.506s] Level 1:colcon.colcon_core.package_identification:_identify(src/perception/New folder) by extension 'ros'
[0.506s] Level 1:colcon.colcon_core.package_identification:_identify(src/perception/New folder) by extensions ['cmake', 'python']
[0.506s] Level 1:colcon.colcon_core.package_identification:_identify(src/perception/New folder) by extension 'cmake'
[0.507s] Level 1:colcon.colcon_core.package_identification:_identify(src/perception/New folder) by extension 'python'
[0.507s] Level 1:colcon.colcon_core.package_identification:_identify(src/perception/New folder) by extensions ['python_setup_py']
[0.507s] Level 1:colcon.colcon_core.package_identification:_identify(src/perception/New folder) by extension 'python_setup_py'
[0.507s] Level 1:colcon.colcon_core.package_identification:_identify(src/perception/config) by extensions ['ignore', 'ignore_ament_install']
[0.507s] Level 1:colcon.colcon_core.package_identification:_identify(src/perception/config) by extension 'ignore'
[0.507s] Level 1:colcon.colcon_core.package_identification:_identify(src/perception/config) by extension 'ignore_ament_install'
[0.507s] Level 1:colcon.colcon_core.package_identification:_identify(src/perception/config) by extensions ['colcon_pkg']
[0.507s] Level 1:colcon.colcon_core.package_identification:_identify(src/perception/config) by extension 'colcon_pkg'
[0.507s] Level 1:colcon.colcon_core.package_identification:_identify(src/perception/config) by extensions ['colcon_meta']
[0.508s] Level 1:colcon.colcon_core.package_identification:_identify(src/perception/config) by extension 'colcon_meta'
[0.508s] Level 1:colcon.colcon_core.package_identification:_identify(src/perception/config) by extensions ['ros']
[0.508s] Level 1:colcon.colcon_core.package_identification:_identify(src/perception/config) by extension 'ros'
[0.508s] Level 1:colcon.colcon_core.package_identification:_identify(src/perception/config) by extensions ['cmake', 'python']
[0.508s] Level 1:colcon.colcon_core.package_identification:_identify(src/perception/config) by extension 'cmake'
[0.509s] Level 1:colcon.colcon_core.package_identification:_identify(src/perception/config) by extension 'python'
[0.509s] Level 1:colcon.colcon_core.package_identification:_identify(src/perception/config) by extensions ['python_setup_py']
[0.509s] Level 1:colcon.colcon_core.package_identification:_identify(src/perception/config) by extension 'python_setup_py'
[0.509s] Level 1:colcon.colcon_core.package_identification:_identify(src/perception/launch) by extensions ['ignore', 'ignore_ament_install']
[0.510s] Level 1:colcon.colcon_core.package_identification:_identify(src/perception/launch) by extension 'ignore'
[0.510s] Level 1:colcon.colcon_core.package_identification:_identify(src/perception/launch) by extension 'ignore_ament_install'
[0.510s] Level 1:colcon.colcon_core.package_identification:_identify(src/perception/launch) by extensions ['colcon_pkg']
[0.510s] Level 1:colcon.colcon_core.package_identification:_identify(src/perception/launch) by extension 'colcon_pkg'
[0.510s] Level 1:colcon.colcon_core.package_identification:_identify(src/perception/launch) by extensions ['colcon_meta']
[0.510s] Level 1:colcon.colcon_core.package_identification:_identify(src/perception/launch) by extension 'colcon_meta'
[0.510s] Level 1:colcon.colcon_core.package_identification:_identify(src/perception/launch) by extensions ['ros']
[0.510s] Level 1:colcon.colcon_core.package_identification:_identify(src/perception/launch) by extension 'ros'
[0.511s] Level 1:colcon.colcon_core.package_identification:_identify(src/perception/launch) by extensions ['cmake', 'python']
[0.511s] Level 1:colcon.colcon_core.package_identification:_identify(src/perception/launch) by extension 'cmake'
[0.511s] Level 1:colcon.colcon_core.package_identification:_identify(src/perception/launch) by extension 'python'
[0.511s] Level 1:colcon.colcon_core.package_identification:_identify(src/perception/launch) by extensions ['python_setup_py']
[0.511s] Level 1:colcon.colcon_core.package_identification:_identify(src/perception/launch) by extension 'python_setup_py'
[0.511s] Level 1:colcon.colcon_core.package_identification:_identify(src/perception/resource) by extensions ['ignore', 'ignore_ament_install']
[0.511s] Level 1:colcon.colcon_core.package_identification:_identify(src/perception/resource) by extension 'ignore'
[0.512s] Level 1:colcon.colcon_core.package_identification:_identify(src/perception/resource) by extension 'ignore_ament_install'
[0.512s] Level 1:colcon.colcon_core.package_identification:_identify(src/perception/resource) by extensions ['colcon_pkg']
[0.512s] Level 1:colcon.colcon_core.package_identification:_identify(src/perception/resource) by extension 'colcon_pkg'
[0.512s] Level 1:colcon.colcon_core.package_identification:_identify(src/perception/resource) by extensions ['colcon_meta']
[0.512s] Level 1:colcon.colcon_core.package_identification:_identify(src/perception/resource) by extension 'colcon_meta'
[0.512s] Level 1:colcon.colcon_core.package_identification:_identify(src/perception/resource) by extensions ['ros']
[0.512s] Level 1:colcon.colcon_core.package_identification:_identify(src/perception/resource) by extension 'ros'
[0.512s] Level 1:colcon.colcon_core.package_identification:_identify(src/perception/resource) by extensions ['cmake', 'python']
[0.512s] Level 1:colcon.colcon_core.package_identification:_identify(src/perception/resource) by extension 'cmake'
[0.512s] Level 1:colcon.colcon_core.package_identification:_identify(src/perception/resource) by extension 'python'
[0.513s] Level 1:colcon.colcon_core.package_identification:_identify(src/perception/resource) by extensions ['python_setup_py']
[0.513s] Level 1:colcon.colcon_core.package_identification:_identify(src/perception/resource) by extension 'python_setup_py'
[0.513s] Level 1:colcon.colcon_core.package_identification:_identify(src/robot_model) by extensions ['ignore', 'ignore_ament_install']
[0.513s] Level 1:colcon.colcon_core.package_identification:_identify(src/robot_model) by extension 'ignore'
[0.513s] Level 1:colcon.colcon_core.package_identification:_identify(src/robot_model) by extension 'ignore_ament_install'
[0.513s] Level 1:colcon.colcon_core.package_identification:_identify(src/robot_model) by extensions ['colcon_pkg']
[0.513s] Level 1:colcon.colcon_core.package_identification:_identify(src/robot_model) by extension 'colcon_pkg'
[0.513s] Level 1:colcon.colcon_core.package_identification:_identify(src/robot_model) by extensions ['colcon_meta']
[0.514s] Level 1:colcon.colcon_core.package_identification:_identify(src/robot_model) by extension 'colcon_meta'
[0.514s] Level 1:colcon.colcon_core.package_identification:_identify(src/robot_model) by extensions ['ros']
[0.514s] Level 1:colcon.colcon_core.package_identification:_identify(src/robot_model) by extension 'ros'
[0.516s] DEBUG:colcon.colcon_core.package_identification:Package 'src/robot_model' with type 'ros.ament_cmake' and name 'robot_model'
[0.516s] Level 1:colcon.colcon_core.package_identification:_identify(src/start_up) by extensions ['ignore', 'ignore_ament_install']
[0.516s] Level 1:colcon.colcon_core.package_identification:_identify(src/start_up) by extension 'ignore'
[0.516s] Level 1:colcon.colcon_core.package_identification:_identify(src/start_up) by extension 'ignore_ament_install'
[0.516s] Level 1:colcon.colcon_core.package_identification:_identify(src/start_up) by extensions ['colcon_pkg']
[0.517s] Level 1:colcon.colcon_core.package_identification:_identify(src/start_up) by extension 'colcon_pkg'
[0.517s] Level 1:colcon.colcon_core.package_identification:_identify(src/start_up) by extensions ['colcon_meta']
[0.517s] Level 1:colcon.colcon_core.package_identification:_identify(src/start_up) by extension 'colcon_meta'
[0.517s] Level 1:colcon.colcon_core.package_identification:_identify(src/start_up) by extensions ['ros']
[0.517s] Level 1:colcon.colcon_core.package_identification:_identify(src/start_up) by extension 'ros'
[0.517s] Level 1:colcon.colcon_core.package_identification:_identify(src/start_up) by extensions ['cmake', 'python']
[0.517s] Level 1:colcon.colcon_core.package_identification:_identify(src/start_up) by extension 'cmake'
[0.517s] Level 1:colcon.colcon_core.package_identification:_identify(src/start_up) by extension 'python'
[0.517s] Level 1:colcon.colcon_core.package_identification:_identify(src/start_up) by extensions ['python_setup_py']
[0.517s] Level 1:colcon.colcon_core.package_identification:_identify(src/start_up) by extension 'python_setup_py'
[0.518s] Level 1:colcon.colcon_core.package_identification:_identify(src/start_up/config) by extensions ['ignore', 'ignore_ament_install']
[0.518s] Level 1:colcon.colcon_core.package_identification:_identify(src/start_up/config) by extension 'ignore'
[0.518s] Level 1:colcon.colcon_core.package_identification:_identify(src/start_up/config) by extension 'ignore_ament_install'
[0.518s] Level 1:colcon.colcon_core.package_identification:_identify(src/start_up/config) by extensions ['colcon_pkg']
[0.518s] Level 1:colcon.colcon_core.package_identification:_identify(src/start_up/config) by extension 'colcon_pkg'
[0.518s] Level 1:colcon.colcon_core.package_identification:_identify(src/start_up/config) by extensions ['colcon_meta']
[0.518s] Level 1:colcon.colcon_core.package_identification:_identify(src/start_up/config) by extension 'colcon_meta'
[0.518s] Level 1:colcon.colcon_core.package_identification:_identify(src/start_up/config) by extensions ['ros']
[0.519s] Level 1:colcon.colcon_core.package_identification:_identify(src/start_up/config) by extension 'ros'
[0.519s] Level 1:colcon.colcon_core.package_identification:_identify(src/start_up/config) by extensions ['cmake', 'python']
[0.519s] Level 1:colcon.colcon_core.package_identification:_identify(src/start_up/config) by extension 'cmake'
[0.519s] Level 1:colcon.colcon_core.package_identification:_identify(src/start_up/config) by extension 'python'
[0.519s] Level 1:colcon.colcon_core.package_identification:_identify(src/start_up/config) by extensions ['python_setup_py']
[0.519s] Level 1:colcon.colcon_core.package_identification:_identify(src/start_up/config) by extension 'python_setup_py'
[0.519s] Level 1:colcon.colcon_core.package_identification:_identify(src/start_up/launch) by extensions ['ignore', 'ignore_ament_install']
[0.519s] Level 1:colcon.colcon_core.package_identification:_identify(src/start_up/launch) by extension 'ignore'
[0.520s] Level 1:colcon.colcon_core.package_identification:_identify(src/start_up/launch) by extension 'ignore_ament_install'
[0.520s] Level 1:colcon.colcon_core.package_identification:_identify(src/start_up/launch) by extensions ['colcon_pkg']
[0.520s] Level 1:colcon.colcon_core.package_identification:_identify(src/start_up/launch) by extension 'colcon_pkg'
[0.520s] Level 1:colcon.colcon_core.package_identification:_identify(src/start_up/launch) by extensions ['colcon_meta']
[0.520s] Level 1:colcon.colcon_core.package_identification:_identify(src/start_up/launch) by extension 'colcon_meta'
[0.520s] Level 1:colcon.colcon_core.package_identification:_identify(src/start_up/launch) by extensions ['ros']
[0.520s] Level 1:colcon.colcon_core.package_identification:_identify(src/start_up/launch) by extension 'ros'
[0.520s] Level 1:colcon.colcon_core.package_identification:_identify(src/start_up/launch) by extensions ['cmake', 'python']
[0.520s] Level 1:colcon.colcon_core.package_identification:_identify(src/start_up/launch) by extension 'cmake'
[0.520s] Level 1:colcon.colcon_core.package_identification:_identify(src/start_up/launch) by extension 'python'
[0.521s] Level 1:colcon.colcon_core.package_identification:_identify(src/start_up/launch) by extensions ['python_setup_py']
[0.521s] Level 1:colcon.colcon_core.package_identification:_identify(src/start_up/launch) by extension 'python_setup_py'
[0.521s] Level 1:colcon.colcon_core.package_discovery:discover_packages(recursive) using defaults
[0.521s] Level 1:colcon.colcon_core.package_discovery:discover_packages(ignore) discover
[0.521s] Level 1:colcon.colcon_core.package_discovery:discover_packages(ignore) using defaults
[0.521s] Level 1:colcon.colcon_core.package_discovery:discover_packages(path) discover
[0.521s] Level 1:colcon.colcon_core.package_discovery:discover_packages(path) using defaults
[0.560s] Level 1:colcon.colcon_core.package_discovery:discover_packages(prefix_path) check parameters
[0.560s] Level 1:colcon.colcon_core.package_discovery:discover_packages(prefix_path) discover
[0.564s] DEBUG:colcon.colcon_installed_package_information.package_discovery:Found 2 installed packages in /home/info/ME4857Assignment2/install
[0.568s] DEBUG:colcon.colcon_installed_package_information.package_discovery:Found 307 installed packages in /opt/ros/jazzy
[0.570s] Level 1:colcon.colcon_core.package_discovery:discover_packages(prefix_path) using defaults
[0.685s] Level 5:colcon.colcon_core.verb:set package 'gazebo_worlds' build argument 'cmake_args' from command line to 'None'
[0.685s] Level 5:colcon.colcon_core.verb:set package 'gazebo_worlds' build argument 'cmake_target' from command line to 'None'
[0.685s] Level 5:colcon.colcon_core.verb:set package 'gazebo_worlds' build argument 'cmake_target_skip_unavailable' from command line to 'False'
[0.685s] Level 5:colcon.colcon_core.verb:set package 'gazebo_worlds' build argument 'cmake_clean_cache' from command line to 'False'
[0.685s] Level 5:colcon.colcon_core.verb:set package 'gazebo_worlds' build argument 'cmake_clean_first' from command line to 'False'
[0.685s] Level 5:colcon.colcon_core.verb:set package 'gazebo_worlds' build argument 'cmake_force_configure' from command line to 'False'
[0.685s] Level 5:colcon.colcon_core.verb:set package 'gazebo_worlds' build argument 'ament_cmake_args' from command line to 'None'
[0.686s] Level 5:colcon.colcon_core.verb:set package 'gazebo_worlds' build argument 'catkin_cmake_args' from command line to 'None'
[0.686s] Level 5:colcon.colcon_core.verb:set package 'gazebo_worlds' build argument 'catkin_skip_building_tests' from command line to 'False'
[0.686s] DEBUG:colcon.colcon_core.verb:Building package 'gazebo_worlds' with the following arguments: {'ament_cmake_args': None, 'build_base': '/home/info/ME4857Assignment2/build/gazebo_worlds', 'catkin_cmake_args': None, 'catkin_skip_building_tests': False, 'cmake_args': None, 'cmake_clean_cache': False, 'cmake_clean_first': False, 'cmake_force_configure': False, 'cmake_target': None, 'cmake_target_skip_unavailable': False, 'install_base': '/home/info/ME4857Assignment2/install/gazebo_worlds', 'merge_install': False, 'path': '/home/info/ME4857Assignment2/src/gazebo', 'symlink_install': False, 'test_result_base': None}
[0.686s] Level 5:colcon.colcon_core.verb:set package 'robot_model' build argument 'cmake_args' from command line to 'None'
[0.686s] Level 5:colcon.colcon_core.verb:set package 'robot_model' build argument 'cmake_target' from command line to 'None'
[0.686s] Level 5:colcon.colcon_core.verb:set package 'robot_model' build argument 'cmake_target_skip_unavailable' from command line to 'False'
[0.686s] Level 5:colcon.colcon_core.verb:set package 'robot_model' build argument 'cmake_clean_cache' from command line to 'False'
[0.687s] Level 5:colcon.colcon_core.verb:set package 'robot_model' build argument 'cmake_clean_first' from command line to 'False'
[0.687s] Level 5:colcon.colcon_core.verb:set package 'robot_model' build argument 'cmake_force_configure' from command line to 'False'
[0.687s] Level 5:colcon.colcon_core.verb:set package 'robot_model' build argument 'ament_cmake_args' from command line to 'None'
[0.687s] Level 5:colcon.colcon_core.verb:set package 'robot_model' build argument 'catkin_cmake_args' from command line to 'None'
[0.687s] Level 5:colcon.colcon_core.verb:set package 'robot_model' build argument 'catkin_skip_building_tests' from command line to 'False'
[0.687s] DEBUG:colcon.colcon_core.verb:Building package 'robot_model' with the following arguments: {'ament_cmake_args': None, 'build_base': '/home/info/ME4857Assignment2/build/robot_model', 'catkin_cmake_args': None, 'catkin_skip_building_tests': False, 'cmake_args': None, 'cmake_clean_cache': False, 'cmake_clean_first': False, 'cmake_force_configure': False, 'cmake_target': None, 'cmake_target_skip_unavailable': False, 'install_base': '/home/info/ME4857Assignment2/install/robot_model', 'merge_install': False, 'path': '/home/info/ME4857Assignment2/src/robot_model', 'symlink_install': False, 'test_result_base': None}
[0.687s] INFO:colcon.colcon_core.executor:Executing jobs using 'parallel' executor
[0.689s] DEBUG:colcon.colcon_parallel_executor.executor.parallel:run_until_complete
[0.689s] INFO:colcon.colcon_ros.task.ament_cmake.build:Building ROS package in '/home/info/ME4857Assignment2/src/gazebo' with build type 'ament_cmake'
[0.690s] INFO:colcon.colcon_cmake.task.cmake.build:Building CMake package in '/home/info/ME4857Assignment2/src/gazebo'
[0.696s] INFO:colcon.colcon_core.plugin_system:Skipping extension 'colcon_core.shell.bat': Not used on non-Windows systems
[0.697s] INFO:colcon.colcon_core.shell:Skip shell extension 'powershell' for command environment: Not usable outside of PowerShell
[0.697s] DEBUG:colcon.colcon_core.shell:Skip shell extension 'dsv' for command environment
[0.705s] INFO:colcon.colcon_ros.task.ament_cmake.build:Building ROS package in '/home/info/ME4857Assignment2/src/robot_model' with build type 'ament_cmake'
[0.706s] INFO:colcon.colcon_cmake.task.cmake.build:Building CMake package in '/home/info/ME4857Assignment2/src/robot_model'
[0.707s] INFO:colcon.colcon_core.shell:Skip shell extension 'powershell' for command environment: Not usable outside of PowerShell
[0.707s] DEBUG:colcon.colcon_core.shell:Skip shell extension 'dsv' for command environment
[0.733s] DEBUG:colcon.colcon_core.event_handler.log_command:Invoking command in '/home/info/ME4857Assignment2/build/gazebo_worlds': CMAKE_PREFIX_PATH=${CMAKE_PREFIX_PATH}:/opt/ros/jazzy /usr/bin/cmake --build /home/info/ME4857Assignment2/build/gazebo_worlds -- -j4 -l4
[0.741s] DEBUG:colcon.colcon_core.event_handler.log_command:Invoking command in '/home/info/ME4857Assignment2/build/robot_model': CMAKE_PREFIX_PATH=${CMAKE_PREFIX_PATH}:/opt/ros/jazzy /usr/bin/cmake --build /home/info/ME4857Assignment2/build/robot_model -- -j4 -l4
[0.857s] DEBUG:colcon.colcon_core.event_handler.log_command:Invoked command in '/home/info/ME4857Assignment2/build/robot_model' returned '0': CMAKE_PREFIX_PATH=${CMAKE_PREFIX_PATH}:/opt/ros/jazzy /usr/bin/cmake --build /home/info/ME4857Assignment2/build/robot_model -- -j4 -l4
[0.884s] DEBUG:colcon.colcon_core.event_handler.log_command:Invoking command in '/home/info/ME4857Assignment2/build/robot_model': CMAKE_PREFIX_PATH=${CMAKE_PREFIX_PATH}:/opt/ros/jazzy /usr/bin/cmake --install /home/info/ME4857Assignment2/build/robot_model
[0.887s] DEBUG:colcon.colcon_core.event_handler.log_command:Invoked command in '/home/info/ME4857Assignment2/build/gazebo_worlds' returned '0': CMAKE_PREFIX_PATH=${CMAKE_PREFIX_PATH}:/opt/ros/jazzy /usr/bin/cmake --build /home/info/ME4857Assignment2/build/gazebo_worlds -- -j4 -l4
[0.890s] DEBUG:colcon.colcon_core.event_handler.log_command:Invoking command in '/home/info/ME4857Assignment2/build/gazebo_worlds': CMAKE_PREFIX_PATH=${CMAKE_PREFIX_PATH}:/opt/ros/jazzy /usr/bin/cmake --install /home/info/ME4857Assignment2/build/gazebo_worlds
[0.940s] Level 1:colcon.colcon_core.environment:create_environment_scripts_only(gazebo_worlds)
[0.940s] DEBUG:colcon.colcon_core.event_handler.log_command:Invoked command in '/home/info/ME4857Assignment2/build/gazebo_worlds' returned '0': CMAKE_PREFIX_PATH=${CMAKE_PREFIX_PATH}:/opt/ros/jazzy /usr/bin/cmake --install /home/info/ME4857Assignment2/build/gazebo_worlds
[0.947s] Level 1:colcon.colcon_core.environment:checking '/home/info/ME4857Assignment2/install/gazebo_worlds' for CMake module files
[0.948s] Level 1:colcon.colcon_core.environment:checking '/home/info/ME4857Assignment2/install/gazebo_worlds' for CMake config files
[0.949s] Level 1:colcon.colcon_core.shell:create_environment_hook('gazebo_worlds', 'cmake_prefix_path')
[0.949s] INFO:colcon.colcon_core.shell:Creating environment hook '/home/info/ME4857Assignment2/install/gazebo_worlds/share/gazebo_worlds/hook/cmake_prefix_path.ps1'
[0.951s] INFO:colcon.colcon_core.shell:Creating environment descriptor '/home/info/ME4857Assignment2/install/gazebo_worlds/share/gazebo_worlds/hook/cmake_prefix_path.dsv'
[0.952s] INFO:colcon.colcon_core.shell:Creating environment hook '/home/info/ME4857Assignment2/install/gazebo_worlds/share/gazebo_worlds/hook/cmake_prefix_path.sh'
[0.953s] Level 1:colcon.colcon_core.environment:checking '/home/info/ME4857Assignment2/install/gazebo_worlds/bin'
[0.954s] Level 1:colcon.colcon_core.environment:checking '/home/info/ME4857Assignment2/install/gazebo_worlds/lib/pkgconfig/gazebo_worlds.pc'
[0.954s] Level 1:colcon.colcon_core.environment:checking '/home/info/ME4857Assignment2/install/gazebo_worlds/lib/python3.12/site-packages'
[0.955s] Level 1:colcon.colcon_core.environment:checking '/home/info/ME4857Assignment2/install/gazebo_worlds/bin'
[0.955s] INFO:colcon.colcon_core.shell:Creating package script '/home/info/ME4857Assignment2/install/gazebo_worlds/share/gazebo_worlds/package.ps1'
[0.957s] INFO:colcon.colcon_core.shell:Creating package descriptor '/home/info/ME4857Assignment2/install/gazebo_worlds/share/gazebo_worlds/package.dsv'
[0.958s] INFO:colcon.colcon_core.shell:Creating package script '/home/info/ME4857Assignment2/install/gazebo_worlds/share/gazebo_worlds/package.sh'
[0.964s] INFO:colcon.colcon_core.shell:Creating package script '/home/info/ME4857Assignment2/install/gazebo_worlds/share/gazebo_worlds/package.bash'
[0.966s] INFO:colcon.colcon_core.shell:Creating package script '/home/info/ME4857Assignment2/install/gazebo_worlds/share/gazebo_worlds/package.zsh'
[0.968s] Level 1:colcon.colcon_core.environment:create_file_with_runtime_dependencies(/home/info/ME4857Assignment2/install/gazebo_worlds/share/colcon-core/packages/gazebo_worlds)
[0.969s] Level 1:colcon.colcon_core.environment:create_environment_scripts_only(gazebo_worlds)
[0.969s] Level 1:colcon.colcon_core.environment:checking '/home/info/ME4857Assignment2/install/gazebo_worlds' for CMake module files
[0.971s] Level 1:colcon.colcon_core.environment:checking '/home/info/ME4857Assignment2/install/gazebo_worlds' for CMake config files
[0.971s] Level 1:colcon.colcon_core.shell:create_environment_hook('gazebo_worlds', 'cmake_prefix_path')
[0.971s] INFO:colcon.colcon_core.shell:Creating environment hook '/home/info/ME4857Assignment2/install/gazebo_worlds/share/gazebo_worlds/hook/cmake_prefix_path.ps1'
[0.972s] INFO:colcon.colcon_core.shell:Creating environment descriptor '/home/info/ME4857Assignment2/install/gazebo_worlds/share/gazebo_worlds/hook/cmake_prefix_path.dsv'
[0.973s] INFO:colcon.colcon_core.shell:Creating environment hook '/home/info/ME4857Assignment2/install/gazebo_worlds/share/gazebo_worlds/hook/cmake_prefix_path.sh'
[0.974s] Level 1:colcon.colcon_core.environment:checking '/home/info/ME4857Assignment2/install/gazebo_worlds/bin'
[0.974s] Level 1:colcon.colcon_core.environment:checking '/home/info/ME4857Assignment2/install/gazebo_worlds/lib/pkgconfig/gazebo_worlds.pc'
[0.975s] Level 1:colcon.colcon_core.environment:checking '/home/info/ME4857Assignment2/install/gazebo_worlds/lib/python3.12/site-packages'
[0.975s] Level 1:colcon.colcon_core.environment:checking '/home/info/ME4857Assignment2/install/gazebo_worlds/bin'
[0.976s] INFO:colcon.colcon_core.shell:Creating package script '/home/info/ME4857Assignment2/install/gazebo_worlds/share/gazebo_worlds/package.ps1'
[0.978s] INFO:colcon.colcon_core.shell:Creating package descriptor '/home/info/ME4857Assignment2/install/gazebo_worlds/share/gazebo_worlds/package.dsv'
[0.979s] INFO:colcon.colcon_core.shell:Creating package script '/home/info/ME4857Assignment2/install/gazebo_worlds/share/gazebo_worlds/package.sh'
[0.981s] INFO:colcon.colcon_core.shell:Creating package script '/home/info/ME4857Assignment2/install/gazebo_worlds/share/gazebo_worlds/package.bash'
[0.982s] INFO:colcon.colcon_core.shell:Creating package script '/home/info/ME4857Assignment2/install/gazebo_worlds/share/gazebo_worlds/package.zsh'
[0.982s] Level 1:colcon.colcon_core.environment:create_file_with_runtime_dependencies(/home/info/ME4857Assignment2/install/gazebo_worlds/share/colcon-core/packages/gazebo_worlds)
[0.986s] Level 1:colcon.colcon_core.environment:create_environment_scripts_only(robot_model)
[0.987s] Level 1:colcon.colcon_core.environment:checking '/home/info/ME4857Assignment2/install/robot_model' for CMake module files
[0.988s] DEBUG:colcon.colcon_core.event_handler.log_command:Invoked command in '/home/info/ME4857Assignment2/build/robot_model' returned '0': CMAKE_PREFIX_PATH=${CMAKE_PREFIX_PATH}:/opt/ros/jazzy /usr/bin/cmake --install /home/info/ME4857Assignment2/build/robot_model
[0.990s] Level 1:colcon.colcon_core.environment:checking '/home/info/ME4857Assignment2/install/robot_model' for CMake config files
[0.993s] Level 1:colcon.colcon_core.shell:create_environment_hook('robot_model', 'cmake_prefix_path')
[0.994s] INFO:colcon.colcon_core.shell:Creating environment hook '/home/info/ME4857Assignment2/install/robot_model/share/robot_model/hook/cmake_prefix_path.ps1'
[0.996s] INFO:colcon.colcon_core.shell:Creating environment descriptor '/home/info/ME4857Assignment2/install/robot_model/share/robot_model/hook/cmake_prefix_path.dsv'
[0.998s] INFO:colcon.colcon_core.shell:Creating environment hook '/home/info/ME4857Assignment2/install/robot_model/share/robot_model/hook/cmake_prefix_path.sh'
[0.999s] Level 1:colcon.colcon_core.environment:checking '/home/info/ME4857Assignment2/install/robot_model/bin'
[1.000s] Level 1:colcon.colcon_core.environment:checking '/home/info/ME4857Assignment2/install/robot_model/lib/pkgconfig/robot_model.pc'
[1.000s] Level 1:colcon.colcon_core.environment:checking '/home/info/ME4857Assignment2/install/robot_model/lib/python3.12/site-packages'
[1.002s] Level 1:colcon.colcon_core.environment:checking '/home/info/ME4857Assignment2/install/robot_model/bin'
[1.002s] INFO:colcon.colcon_core.shell:Creating package script '/home/info/ME4857Assignment2/install/robot_model/share/robot_model/package.ps1'
[1.004s] INFO:colcon.colcon_core.shell:Creating package descriptor '/home/info/ME4857Assignment2/install/robot_model/share/robot_model/package.dsv'
[1.005s] INFO:colcon.colcon_core.shell:Creating package script '/home/info/ME4857Assignment2/install/robot_model/share/robot_model/package.sh'
[1.006s] INFO:colcon.colcon_core.shell:Creating package script '/home/info/ME4857Assignment2/install/robot_model/share/robot_model/package.bash'
[1.006s] INFO:colcon.colcon_core.shell:Creating package script '/home/info/ME4857Assignment2/install/robot_model/share/robot_model/package.zsh'
[1.007s] Level 1:colcon.colcon_core.environment:create_file_with_runtime_dependencies(/home/info/ME4857Assignment2/install/robot_model/share/colcon-core/packages/robot_model)
[1.008s] Level 1:colcon.colcon_core.environment:create_environment_scripts_only(robot_model)
[1.009s] Level 1:colcon.colcon_core.environment:checking '/home/info/ME4857Assignment2/install/robot_model' for CMake module files
[1.012s] Level 1:colcon.colcon_core.environment:checking '/home/info/ME4857Assignment2/install/robot_model' for CMake config files
[1.014s] Level 1:colcon.colcon_core.shell:create_environment_hook('robot_model', 'cmake_prefix_path')
[1.014s] INFO:colcon.colcon_core.shell:Creating environment hook '/home/info/ME4857Assignment2/install/robot_model/share/robot_model/hook/cmake_prefix_path.ps1'
[1.015s] INFO:colcon.colcon_core.shell:Creating environment descriptor '/home/info/ME4857Assignment2/install/robot_model/share/robot_model/hook/cmake_prefix_path.dsv'
[1.016s] INFO:colcon.colcon_core.shell:Creating environment hook '/home/info/ME4857Assignment2/install/robot_model/share/robot_model/hook/cmake_prefix_path.sh'
[1.017s] Level 1:colcon.colcon_core.environment:checking '/home/info/ME4857Assignment2/install/robot_model/bin'
[1.018s] Level 1:colcon.colcon_core.environment:checking '/home/info/ME4857Assignment2/install/robot_model/lib/pkgconfig/robot_model.pc'
[1.018s] Level 1:colcon.colcon_core.environment:checking '/home/info/ME4857Assignment2/install/robot_model/lib/python3.12/site-packages'
[1.019s] Level 1:colcon.colcon_core.environment:checking '/home/info/ME4857Assignment2/install/robot_model/bin'
[1.019s] INFO:colcon.colcon_core.shell:Creating package script '/home/info/ME4857Assignment2/install/robot_model/share/robot_model/package.ps1'
[1.021s] INFO:colcon.colcon_core.shell:Creating package descriptor '/home/info/ME4857Assignment2/install/robot_model/share/robot_model/package.dsv'
[1.021s] INFO:colcon.colcon_core.shell:Creating package script '/home/info/ME4857Assignment2/install/robot_model/share/robot_model/package.sh'
[1.022s] INFO:colcon.colcon_core.shell:Creating package script '/home/info/ME4857Assignment2/install/robot_model/share/robot_model/package.bash'
[1.023s] INFO:colcon.colcon_core.shell:Creating package script '/home/info/ME4857Assignment2/install/robot_model/share/robot_model/package.zsh'
[1.024s] Level 1:colcon.colcon_core.environment:create_file_with_runtime_dependencies(/home/info/ME4857Assignment2/install/robot_model/share/colcon-core/packages/robot_model)
[1.025s] DEBUG:colcon.colcon_parallel_executor.executor.parallel:closing loop
[1.027s] DEBUG:colcon.colcon_parallel_executor.executor.parallel:loop closed
[1.027s] DEBUG:colcon.colcon_parallel_executor.executor.parallel:run_until_complete finished with '0'
[1.027s] DEBUG:colcon.colcon_core.event_reactor:joining thread
[1.088s] INFO:colcon.colcon_core.plugin_system:Skipping extension 'colcon_notification.desktop_notification.notify_send': Could not find 'notify-send'
[1.088s] INFO:colcon.colcon_core.plugin_system:Skipping extension 'colcon_notification.desktop_notification.terminal_notifier': Not used on non-Darwin systems
[1.088s] INFO:colcon.colcon_core.plugin_system:Skipping extension 'colcon_notification.desktop_notification.win32': Not used on non-Windows systems
[1.088s] INFO:colcon.colcon_notification.desktop_notification:Sending desktop notification using 'notify2'
[1.090s] DEBUG:colcon.colcon_notification.desktop_notification.notify2:Failed to initialize notify2: org.freedesktop.DBus.Error.ServiceUnknown: The name org.freedesktop.Notifications was not provided by any .service files
[1.090s] DEBUG:colcon.colcon_core.event_reactor:joined thread
[1.091s] INFO:colcon.colcon_core.shell:Creating prefix script '/home/info/ME4857Assignment2/install/local_setup.ps1'
[1.093s] INFO:colcon.colcon_core.shell:Creating prefix util module '/home/info/ME4857Assignment2/install/_local_setup_util_ps1.py'
[1.096s] INFO:colcon.colcon_core.shell:Creating prefix chain script '/home/info/ME4857Assignment2/install/setup.ps1'
[1.099s] INFO:colcon.colcon_core.shell:Creating prefix script '/home/info/ME4857Assignment2/install/local_setup.sh'
[1.100s] INFO:colcon.colcon_core.shell:Creating prefix util module '/home/info/ME4857Assignment2/install/_local_setup_util_sh.py'
[1.101s] INFO:colcon.colcon_core.shell:Creating prefix chain script '/home/info/ME4857Assignment2/install/setup.sh'
[1.104s] INFO:colcon.colcon_core.shell:Creating prefix script '/home/info/ME4857Assignment2/install/local_setup.bash'
[1.105s] INFO:colcon.colcon_core.shell:Creating prefix chain script '/home/info/ME4857Assignment2/install/setup.bash'
[1.107s] INFO:colcon.colcon_core.shell:Creating prefix script '/home/info/ME4857Assignment2/install/local_setup.zsh'
[1.108s] INFO:colcon.colcon_core.shell:Creating prefix chain script '/home/info/ME4857Assignment2/install/setup.zsh'
