[0.038s] Invoking command in '/home/info/ME4857Assignment2/build/gazebo_worlds': CMAKE_PREFIX_PATH=${CMAKE_PREFIX_PATH}:/opt/ros/jazzy /usr/bin/cmake --build /home/info/ME4857Assignment2/build/gazebo_worlds -- -j4 -l4
[0.178s] Invoked command in '/home/info/ME4857Assignment2/build/gazebo_worlds' returned '0': CMAKE_PREFIX_PATH=${CMAKE_PREFIX_PATH}:/opt/ros/jazzy /usr/bin/cmake --build /home/info/ME4857Assignment2/build/gazebo_worlds -- -j4 -l4
[0.204s] Invoking command in '/home/info/ME4857Assignment2/build/gazebo_worlds': CMAKE_PREFIX_PATH=${CMAKE_PREFIX_PATH}:/opt/ros/jazzy /usr/bin/cmake --install /home/info/ME4857Assignment2/build/gazebo_worlds
[0.228s] -- Install configuration: ""
[0.228s] -- Up-to-date: /home/info/ME4857Assignment2/install/gazebo_worlds/share/gazebo_worlds/worlds
[0.229s] -- Up-to-date: /home/info/ME4857Assignment2/install/gazebo_worlds/share/gazebo_worlds/worlds/assignment_world.sdf
[0.230s] -- Up-to-date: /home/info/ME4857Assignment2/install/gazebo_worlds/share/gazebo_worlds/models
[0.230s] -- Up-to-date: /home/info/ME4857Assignment2/install/gazebo_worlds/share/gazebo_worlds/models/robot_model
[0.231s] -- Up-to-date: /home/info/ME4857Assignment2/install/gazebo_worlds/share/gazebo_worlds/models/robot_model/meshes
[0.231s] -- Up-to-date: /home/info/ME4857Assignment2/install/gazebo_worlds/share/ament_index/resource_index/package_run_dependencies/gazebo_worlds
[0.232s] -- Up-to-date: /home/info/ME4857Assignment2/install/gazebo_worlds/share/ament_index/resource_index/parent_prefix_path/gazebo_worlds
[0.232s] -- Up-to-date: /home/info/ME4857Assignment2/install/gazebo_worlds/share/gazebo_worlds/environment/ament_prefix_path.sh
[0.233s] -- Up-to-date: /home/info/ME4857Assignment2/install/gazebo_worlds/share/gazebo_worlds/environment/ament_prefix_path.dsv
[0.233s] -- Up-to-date: /home/info/ME4857Assignment2/install/gazebo_worlds/share/gazebo_worlds/environment/path.sh
[0.234s] -- Up-to-date: /home/info/ME4857Assignment2/install/gazebo_worlds/share/gazebo_worlds/environment/path.dsv
[0.234s] -- Up-to-date: /home/info/ME4857Assignment2/install/gazebo_worlds/share/gazebo_worlds/local_setup.bash
[0.235s] -- Up-to-date: /home/info/ME4857Assignment2/install/gazebo_worlds/share/gazebo_worlds/local_setup.sh
[0.235s] -- Up-to-date: /home/info/ME4857Assignment2/install/gazebo_worlds/share/gazebo_worlds/local_setup.zsh
[0.235s] -- Up-to-date: /home/info/ME4857Assignment2/install/gazebo_worlds/share/gazebo_worlds/local_setup.dsv
[0.236s] -- Installing: /home/info/ME4857Assignment2/install/gazebo_worlds/share/gazebo_worlds/package.dsv
[0.236s] -- Up-to-date: /home/info/ME4857Assignment2/install/gazebo_worlds/share/ament_index/resource_index/packages/gazebo_worlds
[0.240s] -- Up-to-date: /home/info/ME4857Assignment2/install/gazebo_worlds/share/gazebo_worlds/cmake/gazebo_worldsConfig.cmake
[0.240s] -- Up-to-date: /home/info/ME4857Assignment2/install/gazebo_worlds/share/gazebo_worlds/cmake/gazebo_worldsConfig-version.cmake
[0.241s] -- Up-to-date: /home/info/ME4857Assignment2/install/gazebo_worlds/share/gazebo_worlds/package.xml
[0.250s] Invoked command in '/home/info/ME4857Assignment2/build/gazebo_worlds' returned '0': CMAKE_PREFIX_PATH=${CMAKE_PREFIX_PATH}:/opt/ros/jazzy /usr/bin/cmake --install /home/info/ME4857Assignment2/build/gazebo_worlds
