[8.752s] DEBUG:colcon:Command line arguments: ['/usr/bin/colcon', 'build', '--symlink-install']
[8.753s] DEBUG:colcon:Parsed command line arguments: Namespace(log_base=None, log_level=None, verb_name='build', build_base='build', install_base='install', merge_install=False, symlink_install=True, test_result_base=None, continue_on_error=False, executor='parallel', parallel_workers=4, event_handlers=None, ignore_user_meta=False, metas=['./colcon.meta'], base_paths=['.'], packages_ignore=None, packages_ignore_regex=None, paths=None, packages_up_to=None, packages_up_to_regex=None, packages_above=None, packages_above_and_dependencies=None, packages_above_depth=None, packages_select_by_dep=None, packages_skip_by_dep=None, packages_skip_up_to=None, packages_select_build_failed=False, packages_skip_build_finished=False, packages_select_test_failures=False, packages_skip_test_passed=False, packages_select=None, packages_skip=None, packages_select_regex=None, packages_skip_regex=None, packages_start=None, packages_end=None, allow_overriding=[], cmake_args=None, cmake_target=None, cmake_target_skip_unavailable=False, cmake_clean_cache=False, cmake_clean_first=False, cmake_force_configure=False, ament_cmake_args=None, catkin_cmake_args=None, catkin_skip_building_tests=False, mixin_files=None, mixin=None, verb_parser=<colcon_mixin.mixin.mixin_argument.MixinArgumentDecorator object at 0x774460899730>, verb_extension=<colcon_core.verb.build.BuildVerb object at 0x7744609b9a30>, main=<bound method BuildVerb.main of <colcon_core.verb.build.BuildVerb object at 0x7744609b9a30>>, mixin_verb=('build',))
[8.996s] Level 1:colcon.colcon_core.package_discovery:discover_packages(colcon_meta) check parameters
[8.997s] Level 1:colcon.colcon_core.package_discovery:discover_packages(recursive) check parameters
[8.997s] Level 1:colcon.colcon_core.package_discovery:discover_packages(ignore) check parameters
[8.997s] Level 1:colcon.colcon_core.package_discovery:discover_packages(path) check parameters
[8.997s] Level 1:colcon.colcon_core.package_discovery:discover_packages(colcon_meta) discover
[8.997s] Level 1:colcon.colcon_core.package_discovery:discover_packages(recursive) discover
[8.997s] INFO:colcon.colcon_core.package_discovery:Crawling recursively for packages in '/home/info/ME4857Assignment2'
[8.997s] Level 1:colcon.colcon_core.package_identification:_identify(.) by extensions ['ignore', 'ignore_ament_install']
[8.998s] Level 1:colcon.colcon_core.package_identification:_identify(.) by extension 'ignore'
[8.998s] Level 1:colcon.colcon_core.package_identification:_identify(.) by extension 'ignore_ament_install'
[8.998s] Level 1:colcon.colcon_core.package_identification:_identify(.) by extensions ['colcon_pkg']
[8.998s] Level 1:colcon.colcon_core.package_identification:_identify(.) by extension 'colcon_pkg'
[8.998s] Level 1:colcon.colcon_core.package_identification:_identify(.) by extensions ['colcon_meta']
[8.998s] Level 1:colcon.colcon_core.package_identification:_identify(.) by extension 'colcon_meta'
[8.998s] Level 1:colcon.colcon_core.package_identification:_identify(.) by extensions ['ros']
[8.998s] Level 1:colcon.colcon_core.package_identification:_identify(.) by extension 'ros'
[9.158s] Level 1:colcon.colcon_core.package_identification:_identify(.) by extensions ['cmake', 'python']
[9.159s] Level 1:colcon.colcon_core.package_identification:_identify(.) by extension 'cmake'
[9.159s] Level 1:colcon.colcon_core.package_identification:_identify(.) by extension 'python'
[9.159s] Level 1:colcon.colcon_core.package_identification:_identify(.) by extensions ['python_setup_py']
[9.159s] Level 1:colcon.colcon_core.package_identification:_identify(.) by extension 'python_setup_py'
[9.159s] Level 1:colcon.colcon_core.package_identification:_identify(build) by extensions ['ignore', 'ignore_ament_install']
[9.160s] Level 1:colcon.colcon_core.package_identification:_identify(build) by extension 'ignore'
[9.160s] Level 1:colcon.colcon_core.package_identification:_identify(build) ignored
[9.160s] Level 1:colcon.colcon_core.package_identification:_identify(install) by extensions ['ignore', 'ignore_ament_install']
[9.160s] Level 1:colcon.colcon_core.package_identification:_identify(install) by extension 'ignore'
[9.160s] Level 1:colcon.colcon_core.package_identification:_identify(install) ignored
[9.161s] Level 1:colcon.colcon_core.package_identification:_identify(log) by extensions ['ignore', 'ignore_ament_install']
[9.161s] Level 1:colcon.colcon_core.package_identification:_identify(log) by extension 'ignore'
[9.161s] Level 1:colcon.colcon_core.package_identification:_identify(log) ignored
[9.161s] Level 1:colcon.colcon_core.package_identification:_identify(src) by extensions ['ignore', 'ignore_ament_install']
[9.161s] Level 1:colcon.colcon_core.package_identification:_identify(src) by extension 'ignore'
[9.161s] Level 1:colcon.colcon_core.package_identification:_identify(src) by extension 'ignore_ament_install'
[9.162s] Level 1:colcon.colcon_core.package_identification:_identify(src) by extensions ['colcon_pkg']
[9.162s] Level 1:colcon.colcon_core.package_identification:_identify(src) by extension 'colcon_pkg'
[9.162s] Level 1:colcon.colcon_core.package_identification:_identify(src) by extensions ['colcon_meta']
[9.162s] Level 1:colcon.colcon_core.package_identification:_identify(src) by extension 'colcon_meta'
[9.162s] Level 1:colcon.colcon_core.package_identification:_identify(src) by extensions ['ros']
[9.162s] Level 1:colcon.colcon_core.package_identification:_identify(src) by extension 'ros'
[9.162s] Level 1:colcon.colcon_core.package_identification:_identify(src) by extensions ['cmake', 'python']
[9.162s] Level 1:colcon.colcon_core.package_identification:_identify(src) by extension 'cmake'
[9.163s] Level 1:colcon.colcon_core.package_identification:_identify(src) by extension 'python'
[9.163s] Level 1:colcon.colcon_core.package_identification:_identify(src) by extensions ['python_setup_py']
[9.163s] Level 1:colcon.colcon_core.package_identification:_identify(src) by extension 'python_setup_py'
[9.171s] Level 1:colcon.colcon_core.package_identification:_identify(src/bt) by extensions ['ignore', 'ignore_ament_install']
[9.171s] Level 1:colcon.colcon_core.package_identification:_identify(src/bt) by extension 'ignore'
[9.171s] Level 1:colcon.colcon_core.package_identification:_identify(src/bt) by extension 'ignore_ament_install'
[9.171s] Level 1:colcon.colcon_core.package_identification:_identify(src/bt) by extensions ['colcon_pkg']
[9.171s] Level 1:colcon.colcon_core.package_identification:_identify(src/bt) by extension 'colcon_pkg'
[9.171s] Level 1:colcon.colcon_core.package_identification:_identify(src/bt) by extensions ['colcon_meta']
[9.171s] Level 1:colcon.colcon_core.package_identification:_identify(src/bt) by extension 'colcon_meta'
[9.172s] Level 1:colcon.colcon_core.package_identification:_identify(src/bt) by extensions ['ros']
[9.172s] Level 1:colcon.colcon_core.package_identification:_identify(src/bt) by extension 'ros'
[9.172s] Level 1:colcon.colcon_core.package_identification:_identify(src/bt) by extensions ['cmake', 'python']
[9.172s] Level 1:colcon.colcon_core.package_identification:_identify(src/bt) by extension 'cmake'
[9.172s] Level 1:colcon.colcon_core.package_identification:_identify(src/bt) by extension 'python'
[9.172s] Level 1:colcon.colcon_core.package_identification:_identify(src/bt) by extensions ['python_setup_py']
[9.172s] Level 1:colcon.colcon_core.package_identification:_identify(src/bt) by extension 'python_setup_py'
[9.173s] Level 1:colcon.colcon_core.package_identification:_identify(src/bt/bt_xml) by extensions ['ignore', 'ignore_ament_install']
[9.173s] Level 1:colcon.colcon_core.package_identification:_identify(src/bt/bt_xml) by extension 'ignore'
[9.174s] Level 1:colcon.colcon_core.package_identification:_identify(src/bt/bt_xml) by extension 'ignore_ament_install'
[9.174s] Level 1:colcon.colcon_core.package_identification:_identify(src/bt/bt_xml) by extensions ['colcon_pkg']
[9.174s] Level 1:colcon.colcon_core.package_identification:_identify(src/bt/bt_xml) by extension 'colcon_pkg'
[9.174s] Level 1:colcon.colcon_core.package_identification:_identify(src/bt/bt_xml) by extensions ['colcon_meta']
[9.174s] Level 1:colcon.colcon_core.package_identification:_identify(src/bt/bt_xml) by extension 'colcon_meta'
[9.174s] Level 1:colcon.colcon_core.package_identification:_identify(src/bt/bt_xml) by extensions ['ros']
[9.174s] Level 1:colcon.colcon_core.package_identification:_identify(src/bt/bt_xml) by extension 'ros'
[9.174s] Level 1:colcon.colcon_core.package_identification:_identify(src/bt/bt_xml) by extensions ['cmake', 'python']
[9.175s] Level 1:colcon.colcon_core.package_identification:_identify(src/bt/bt_xml) by extension 'cmake'
[9.175s] Level 1:colcon.colcon_core.package_identification:_identify(src/bt/bt_xml) by extension 'python'
[9.175s] Level 1:colcon.colcon_core.package_identification:_identify(src/bt/bt_xml) by extensions ['python_setup_py']
[9.175s] Level 1:colcon.colcon_core.package_identification:_identify(src/bt/bt_xml) by extension 'python_setup_py'
[9.176s] Level 1:colcon.colcon_core.package_identification:_identify(src/bt/config) by extensions ['ignore', 'ignore_ament_install']
[9.176s] Level 1:colcon.colcon_core.package_identification:_identify(src/bt/config) by extension 'ignore'
[9.176s] Level 1:colcon.colcon_core.package_identification:_identify(src/bt/config) by extension 'ignore_ament_install'
[9.177s] Level 1:colcon.colcon_core.package_identification:_identify(src/bt/config) by extensions ['colcon_pkg']
[9.177s] Level 1:colcon.colcon_core.package_identification:_identify(src/bt/config) by extension 'colcon_pkg'
[9.177s] Level 1:colcon.colcon_core.package_identification:_identify(src/bt/config) by extensions ['colcon_meta']
[9.177s] Level 1:colcon.colcon_core.package_identification:_identify(src/bt/config) by extension 'colcon_meta'
[9.177s] Level 1:colcon.colcon_core.package_identification:_identify(src/bt/config) by extensions ['ros']
[9.177s] Level 1:colcon.colcon_core.package_identification:_identify(src/bt/config) by extension 'ros'
[9.177s] Level 1:colcon.colcon_core.package_identification:_identify(src/bt/config) by extensions ['cmake', 'python']
[9.177s] Level 1:colcon.colcon_core.package_identification:_identify(src/bt/config) by extension 'cmake'
[9.178s] Level 1:colcon.colcon_core.package_identification:_identify(src/bt/config) by extension 'python'
[9.178s] Level 1:colcon.colcon_core.package_identification:_identify(src/bt/config) by extensions ['python_setup_py']
[9.178s] Level 1:colcon.colcon_core.package_identification:_identify(src/bt/config) by extension 'python_setup_py'
[9.179s] Level 1:colcon.colcon_core.package_identification:_identify(src/bt/launch) by extensions ['ignore', 'ignore_ament_install']
[9.179s] Level 1:colcon.colcon_core.package_identification:_identify(src/bt/launch) by extension 'ignore'
[9.179s] Level 1:colcon.colcon_core.package_identification:_identify(src/bt/launch) by extension 'ignore_ament_install'
[9.179s] Level 1:colcon.colcon_core.package_identification:_identify(src/bt/launch) by extensions ['colcon_pkg']
[9.179s] Level 1:colcon.colcon_core.package_identification:_identify(src/bt/launch) by extension 'colcon_pkg'
[9.180s] Level 1:colcon.colcon_core.package_identification:_identify(src/bt/launch) by extensions ['colcon_meta']
[9.180s] Level 1:colcon.colcon_core.package_identification:_identify(src/bt/launch) by extension 'colcon_meta'
[9.180s] Level 1:colcon.colcon_core.package_identification:_identify(src/bt/launch) by extensions ['ros']
[9.180s] Level 1:colcon.colcon_core.package_identification:_identify(src/bt/launch) by extension 'ros'
[9.180s] Level 1:colcon.colcon_core.package_identification:_identify(src/bt/launch) by extensions ['cmake', 'python']
[9.180s] Level 1:colcon.colcon_core.package_identification:_identify(src/bt/launch) by extension 'cmake'
[9.180s] Level 1:colcon.colcon_core.package_identification:_identify(src/bt/launch) by extension 'python'
[9.180s] Level 1:colcon.colcon_core.package_identification:_identify(src/bt/launch) by extensions ['python_setup_py']
[9.181s] Level 1:colcon.colcon_core.package_identification:_identify(src/bt/launch) by extension 'python_setup_py'
[9.193s] Level 1:colcon.colcon_core.package_identification:_identify(src/gazebo) by extensions ['ignore', 'ignore_ament_install']
[9.194s] Level 1:colcon.colcon_core.package_identification:_identify(src/gazebo) by extension 'ignore'
[9.194s] Level 1:colcon.colcon_core.package_identification:_identify(src/gazebo) by extension 'ignore_ament_install'
[9.194s] Level 1:colcon.colcon_core.package_identification:_identify(src/gazebo) by extensions ['colcon_pkg']
[9.194s] Level 1:colcon.colcon_core.package_identification:_identify(src/gazebo) by extension 'colcon_pkg'
[9.194s] Level 1:colcon.colcon_core.package_identification:_identify(src/gazebo) by extensions ['colcon_meta']
[9.194s] Level 1:colcon.colcon_core.package_identification:_identify(src/gazebo) by extension 'colcon_meta'
[9.194s] Level 1:colcon.colcon_core.package_identification:_identify(src/gazebo) by extensions ['ros']
[9.194s] Level 1:colcon.colcon_core.package_identification:_identify(src/gazebo) by extension 'ros'
[9.195s] Level 1:colcon.colcon_core.package_identification:_identify(src/gazebo) by extensions ['cmake', 'python']
[9.195s] Level 1:colcon.colcon_core.package_identification:_identify(src/gazebo) by extension 'cmake'
[9.195s] Level 1:colcon.colcon_core.package_identification:_identify(src/gazebo) by extension 'python'
[9.195s] Level 1:colcon.colcon_core.package_identification:_identify(src/gazebo) by extensions ['python_setup_py']
[9.195s] Level 1:colcon.colcon_core.package_identification:_identify(src/gazebo) by extension 'python_setup_py'
[9.201s] Level 1:colcon.colcon_core.package_identification:_identify(src/gazebo/models) by extensions ['ignore', 'ignore_ament_install']
[9.202s] Level 1:colcon.colcon_core.package_identification:_identify(src/gazebo/models) by extension 'ignore'
[9.202s] Level 1:colcon.colcon_core.package_identification:_identify(src/gazebo/models) by extension 'ignore_ament_install'
[9.202s] Level 1:colcon.colcon_core.package_identification:_identify(src/gazebo/models) by extensions ['colcon_pkg']
[9.202s] Level 1:colcon.colcon_core.package_identification:_identify(src/gazebo/models) by extension 'colcon_pkg'
[9.202s] Level 1:colcon.colcon_core.package_identification:_identify(src/gazebo/models) by extensions ['colcon_meta']
[9.202s] Level 1:colcon.colcon_core.package_identification:_identify(src/gazebo/models) by extension 'colcon_meta'
[9.202s] Level 1:colcon.colcon_core.package_identification:_identify(src/gazebo/models) by extensions ['ros']
[9.203s] Level 1:colcon.colcon_core.package_identification:_identify(src/gazebo/models) by extension 'ros'
[9.203s] Level 1:colcon.colcon_core.package_identification:_identify(src/gazebo/models) by extensions ['cmake', 'python']
[9.203s] Level 1:colcon.colcon_core.package_identification:_identify(src/gazebo/models) by extension 'cmake'
[9.203s] Level 1:colcon.colcon_core.package_identification:_identify(src/gazebo/models) by extension 'python'
[9.203s] Level 1:colcon.colcon_core.package_identification:_identify(src/gazebo/models) by extensions ['python_setup_py']
[9.203s] Level 1:colcon.colcon_core.package_identification:_identify(src/gazebo/models) by extension 'python_setup_py'
[9.211s] Level 1:colcon.colcon_core.package_identification:_identify(src/gazebo/models/robot_model) by extensions ['ignore', 'ignore_ament_install']
[9.211s] Level 1:colcon.colcon_core.package_identification:_identify(src/gazebo/models/robot_model) by extension 'ignore'
[9.212s] Level 1:colcon.colcon_core.package_identification:_identify(src/gazebo/models/robot_model) by extension 'ignore_ament_install'
[9.212s] Level 1:colcon.colcon_core.package_identification:_identify(src/gazebo/models/robot_model) by extensions ['colcon_pkg']
[9.212s] Level 1:colcon.colcon_core.package_identification:_identify(src/gazebo/models/robot_model) by extension 'colcon_pkg'
[9.212s] Level 1:colcon.colcon_core.package_identification:_identify(src/gazebo/models/robot_model) by extensions ['colcon_meta']
[9.212s] Level 1:colcon.colcon_core.package_identification:_identify(src/gazebo/models/robot_model) by extension 'colcon_meta'
[9.212s] Level 1:colcon.colcon_core.package_identification:_identify(src/gazebo/models/robot_model) by extensions ['ros']
[9.212s] Level 1:colcon.colcon_core.package_identification:_identify(src/gazebo/models/robot_model) by extension 'ros'
[9.213s] Level 1:colcon.colcon_core.package_identification:_identify(src/gazebo/models/robot_model) by extensions ['cmake', 'python']
[9.213s] Level 1:colcon.colcon_core.package_identification:_identify(src/gazebo/models/robot_model) by extension 'cmake'
[9.213s] Level 1:colcon.colcon_core.package_identification:_identify(src/gazebo/models/robot_model) by extension 'python'
[9.213s] Level 1:colcon.colcon_core.package_identification:_identify(src/gazebo/models/robot_model) by extensions ['python_setup_py']
[9.213s] Level 1:colcon.colcon_core.package_identification:_identify(src/gazebo/models/robot_model) by extension 'python_setup_py'
[9.222s] Level 1:colcon.colcon_core.package_identification:_identify(src/gazebo/models/robot_model/meshes) by extensions ['ignore', 'ignore_ament_install']
[9.222s] Level 1:colcon.colcon_core.package_identification:_identify(src/gazebo/models/robot_model/meshes) by extension 'ignore'
[9.222s] Level 1:colcon.colcon_core.package_identification:_identify(src/gazebo/models/robot_model/meshes) by extension 'ignore_ament_install'
[9.223s] Level 1:colcon.colcon_core.package_identification:_identify(src/gazebo/models/robot_model/meshes) by extensions ['colcon_pkg']
[9.223s] Level 1:colcon.colcon_core.package_identification:_identify(src/gazebo/models/robot_model/meshes) by extension 'colcon_pkg'
[9.223s] Level 1:colcon.colcon_core.package_identification:_identify(src/gazebo/models/robot_model/meshes) by extensions ['colcon_meta']
[9.223s] Level 1:colcon.colcon_core.package_identification:_identify(src/gazebo/models/robot_model/meshes) by extension 'colcon_meta'
[9.223s] Level 1:colcon.colcon_core.package_identification:_identify(src/gazebo/models/robot_model/meshes) by extensions ['ros']
[9.223s] Level 1:colcon.colcon_core.package_identification:_identify(src/gazebo/models/robot_model/meshes) by extension 'ros'
[9.223s] Level 1:colcon.colcon_core.package_identification:_identify(src/gazebo/models/robot_model/meshes) by extensions ['cmake', 'python']
[9.223s] Level 1:colcon.colcon_core.package_identification:_identify(src/gazebo/models/robot_model/meshes) by extension 'cmake'
[9.223s] Level 1:colcon.colcon_core.package_identification:_identify(src/gazebo/models/robot_model/meshes) by extension 'python'
[9.224s] Level 1:colcon.colcon_core.package_identification:_identify(src/gazebo/models/robot_model/meshes) by extensions ['python_setup_py']
[9.224s] Level 1:colcon.colcon_core.package_identification:_identify(src/gazebo/models/robot_model/meshes) by extension 'python_setup_py'
[9.225s] Level 1:colcon.colcon_core.package_identification:_identify(src/gazebo/worlds) by extensions ['ignore', 'ignore_ament_install']
[9.225s] Level 1:colcon.colcon_core.package_identification:_identify(src/gazebo/worlds) by extension 'ignore'
[9.225s] Level 1:colcon.colcon_core.package_identification:_identify(src/gazebo/worlds) by extension 'ignore_ament_install'
[9.225s] Level 1:colcon.colcon_core.package_identification:_identify(src/gazebo/worlds) by extensions ['colcon_pkg']
[9.225s] Level 1:colcon.colcon_core.package_identification:_identify(src/gazebo/worlds) by extension 'colcon_pkg'
[9.225s] Level 1:colcon.colcon_core.package_identification:_identify(src/gazebo/worlds) by extensions ['colcon_meta']
[9.225s] Level 1:colcon.colcon_core.package_identification:_identify(src/gazebo/worlds) by extension 'colcon_meta'
[9.226s] Level 1:colcon.colcon_core.package_identification:_identify(src/gazebo/worlds) by extensions ['ros']
[9.226s] Level 1:colcon.colcon_core.package_identification:_identify(src/gazebo/worlds) by extension 'ros'
[9.226s] Level 1:colcon.colcon_core.package_identification:_identify(src/gazebo/worlds) by extensions ['cmake', 'python']
[9.226s] Level 1:colcon.colcon_core.package_identification:_identify(src/gazebo/worlds) by extension 'cmake'
[9.226s] Level 1:colcon.colcon_core.package_identification:_identify(src/gazebo/worlds) by extension 'python'
[9.226s] Level 1:colcon.colcon_core.package_identification:_identify(src/gazebo/worlds) by extensions ['python_setup_py']
[9.227s] Level 1:colcon.colcon_core.package_identification:_identify(src/gazebo/worlds) by extension 'python_setup_py'
[9.242s] Level 1:colcon.colcon_core.package_identification:_identify(src/navigation) by extensions ['ignore', 'ignore_ament_install']
[9.242s] Level 1:colcon.colcon_core.package_identification:_identify(src/navigation) by extension 'ignore'
[9.243s] Level 1:colcon.colcon_core.package_identification:_identify(src/navigation) by extension 'ignore_ament_install'
[9.243s] Level 1:colcon.colcon_core.package_identification:_identify(src/navigation) by extensions ['colcon_pkg']
[9.243s] Level 1:colcon.colcon_core.package_identification:_identify(src/navigation) by extension 'colcon_pkg'
[9.243s] Level 1:colcon.colcon_core.package_identification:_identify(src/navigation) by extensions ['colcon_meta']
[9.244s] Level 1:colcon.colcon_core.package_identification:_identify(src/navigation) by extension 'colcon_meta'
[9.244s] Level 1:colcon.colcon_core.package_identification:_identify(src/navigation) by extensions ['ros']
[9.244s] Level 1:colcon.colcon_core.package_identification:_identify(src/navigation) by extension 'ros'
[9.244s] Level 1:colcon.colcon_core.package_identification:_identify(src/navigation) by extensions ['cmake', 'python']
[9.245s] Level 1:colcon.colcon_core.package_identification:_identify(src/navigation) by extension 'cmake'
[9.245s] Level 1:colcon.colcon_core.package_identification:_identify(src/navigation) by extension 'python'
[9.245s] Level 1:colcon.colcon_core.package_identification:_identify(src/navigation) by extensions ['python_setup_py']
[9.245s] Level 1:colcon.colcon_core.package_identification:_identify(src/navigation) by extension 'python_setup_py'
[9.246s] Level 1:colcon.colcon_core.package_identification:_identify(src/navigation/config) by extensions ['ignore', 'ignore_ament_install']
[9.246s] Level 1:colcon.colcon_core.package_identification:_identify(src/navigation/config) by extension 'ignore'
[9.246s] Level 1:colcon.colcon_core.package_identification:_identify(src/navigation/config) by extension 'ignore_ament_install'
[9.246s] Level 1:colcon.colcon_core.package_identification:_identify(src/navigation/config) by extensions ['colcon_pkg']
[9.247s] Level 1:colcon.colcon_core.package_identification:_identify(src/navigation/config) by extension 'colcon_pkg'
[9.247s] Level 1:colcon.colcon_core.package_identification:_identify(src/navigation/config) by extensions ['colcon_meta']
[9.247s] Level 1:colcon.colcon_core.package_identification:_identify(src/navigation/config) by extension 'colcon_meta'
[9.247s] Level 1:colcon.colcon_core.package_identification:_identify(src/navigation/config) by extensions ['ros']
[9.247s] Level 1:colcon.colcon_core.package_identification:_identify(src/navigation/config) by extension 'ros'
[9.247s] Level 1:colcon.colcon_core.package_identification:_identify(src/navigation/config) by extensions ['cmake', 'python']
[9.247s] Level 1:colcon.colcon_core.package_identification:_identify(src/navigation/config) by extension 'cmake'
[9.247s] Level 1:colcon.colcon_core.package_identification:_identify(src/navigation/config) by extension 'python'
[9.248s] Level 1:colcon.colcon_core.package_identification:_identify(src/navigation/config) by extensions ['python_setup_py']
[9.248s] Level 1:colcon.colcon_core.package_identification:_identify(src/navigation/config) by extension 'python_setup_py'
[9.249s] Level 1:colcon.colcon_core.package_identification:_identify(src/navigation/maps) by extensions ['ignore', 'ignore_ament_install']
[9.249s] Level 1:colcon.colcon_core.package_identification:_identify(src/navigation/maps) by extension 'ignore'
[9.249s] Level 1:colcon.colcon_core.package_identification:_identify(src/navigation/maps) by extension 'ignore_ament_install'
[9.249s] Level 1:colcon.colcon_core.package_identification:_identify(src/navigation/maps) by extensions ['colcon_pkg']
[9.249s] Level 1:colcon.colcon_core.package_identification:_identify(src/navigation/maps) by extension 'colcon_pkg'
[9.249s] Level 1:colcon.colcon_core.package_identification:_identify(src/navigation/maps) by extensions ['colcon_meta']
[9.249s] Level 1:colcon.colcon_core.package_identification:_identify(src/navigation/maps) by extension 'colcon_meta'
[9.250s] Level 1:colcon.colcon_core.package_identification:_identify(src/navigation/maps) by extensions ['ros']
[9.250s] Level 1:colcon.colcon_core.package_identification:_identify(src/navigation/maps) by extension 'ros'
[9.250s] Level 1:colcon.colcon_core.package_identification:_identify(src/navigation/maps) by extensions ['cmake', 'python']
[9.250s] Level 1:colcon.colcon_core.package_identification:_identify(src/navigation/maps) by extension 'cmake'
[9.250s] Level 1:colcon.colcon_core.package_identification:_identify(src/navigation/maps) by extension 'python'
[9.250s] Level 1:colcon.colcon_core.package_identification:_identify(src/navigation/maps) by extensions ['python_setup_py']
[9.250s] Level 1:colcon.colcon_core.package_identification:_identify(src/navigation/maps) by extension 'python_setup_py'
[9.255s] Level 1:colcon.colcon_core.package_identification:_identify(src/perception) by extensions ['ignore', 'ignore_ament_install']
[9.256s] Level 1:colcon.colcon_core.package_identification:_identify(src/perception) by extension 'ignore'
[9.256s] Level 1:colcon.colcon_core.package_identification:_identify(src/perception) by extension 'ignore_ament_install'
[9.256s] Level 1:colcon.colcon_core.package_identification:_identify(src/perception) by extensions ['colcon_pkg']
[9.256s] Level 1:colcon.colcon_core.package_identification:_identify(src/perception) by extension 'colcon_pkg'
[9.256s] Level 1:colcon.colcon_core.package_identification:_identify(src/perception) by extensions ['colcon_meta']
[9.256s] Level 1:colcon.colcon_core.package_identification:_identify(src/perception) by extension 'colcon_meta'
[9.256s] Level 1:colcon.colcon_core.package_identification:_identify(src/perception) by extensions ['ros']
[9.256s] Level 1:colcon.colcon_core.package_identification:_identify(src/perception) by extension 'ros'
[9.257s] Level 1:colcon.colcon_core.package_identification:_identify(src/perception) by extensions ['cmake', 'python']
[9.257s] Level 1:colcon.colcon_core.package_identification:_identify(src/perception) by extension 'cmake'
[9.257s] Level 1:colcon.colcon_core.package_identification:_identify(src/perception) by extension 'python'
[9.257s] Level 1:colcon.colcon_core.package_identification:_identify(src/perception) by extensions ['python_setup_py']
[9.257s] Level 1:colcon.colcon_core.package_identification:_identify(src/perception) by extension 'python_setup_py'
[9.258s] Level 1:colcon.colcon_core.package_identification:_identify(src/perception/New folder) by extensions ['ignore', 'ignore_ament_install']
[9.258s] Level 1:colcon.colcon_core.package_identification:_identify(src/perception/New folder) by extension 'ignore'
[9.258s] Level 1:colcon.colcon_core.package_identification:_identify(src/perception/New folder) by extension 'ignore_ament_install'
[9.259s] Level 1:colcon.colcon_core.package_identification:_identify(src/perception/New folder) by extensions ['colcon_pkg']
[9.259s] Level 1:colcon.colcon_core.package_identification:_identify(src/perception/New folder) by extension 'colcon_pkg'
[9.259s] Level 1:colcon.colcon_core.package_identification:_identify(src/perception/New folder) by extensions ['colcon_meta']
[9.259s] Level 1:colcon.colcon_core.package_identification:_identify(src/perception/New folder) by extension 'colcon_meta'
[9.259s] Level 1:colcon.colcon_core.package_identification:_identify(src/perception/New folder) by extensions ['ros']
[9.259s] Level 1:colcon.colcon_core.package_identification:_identify(src/perception/New folder) by extension 'ros'
[9.259s] Level 1:colcon.colcon_core.package_identification:_identify(src/perception/New folder) by extensions ['cmake', 'python']
[9.259s] Level 1:colcon.colcon_core.package_identification:_identify(src/perception/New folder) by extension 'cmake'
[9.260s] Level 1:colcon.colcon_core.package_identification:_identify(src/perception/New folder) by extension 'python'
[9.260s] Level 1:colcon.colcon_core.package_identification:_identify(src/perception/New folder) by extensions ['python_setup_py']
[9.260s] Level 1:colcon.colcon_core.package_identification:_identify(src/perception/New folder) by extension 'python_setup_py'
[9.261s] Level 1:colcon.colcon_core.package_identification:_identify(src/perception/config) by extensions ['ignore', 'ignore_ament_install']
[9.261s] Level 1:colcon.colcon_core.package_identification:_identify(src/perception/config) by extension 'ignore'
[9.262s] Level 1:colcon.colcon_core.package_identification:_identify(src/perception/config) by extension 'ignore_ament_install'
[9.262s] Level 1:colcon.colcon_core.package_identification:_identify(src/perception/config) by extensions ['colcon_pkg']
[9.262s] Level 1:colcon.colcon_core.package_identification:_identify(src/perception/config) by extension 'colcon_pkg'
[9.262s] Level 1:colcon.colcon_core.package_identification:_identify(src/perception/config) by extensions ['colcon_meta']
[9.262s] Level 1:colcon.colcon_core.package_identification:_identify(src/perception/config) by extension 'colcon_meta'
[9.262s] Level 1:colcon.colcon_core.package_identification:_identify(src/perception/config) by extensions ['ros']
[9.262s] Level 1:colcon.colcon_core.package_identification:_identify(src/perception/config) by extension 'ros'
[9.262s] Level 1:colcon.colcon_core.package_identification:_identify(src/perception/config) by extensions ['cmake', 'python']
[9.263s] Level 1:colcon.colcon_core.package_identification:_identify(src/perception/config) by extension 'cmake'
[9.263s] Level 1:colcon.colcon_core.package_identification:_identify(src/perception/config) by extension 'python'
[9.263s] Level 1:colcon.colcon_core.package_identification:_identify(src/perception/config) by extensions ['python_setup_py']
[9.263s] Level 1:colcon.colcon_core.package_identification:_identify(src/perception/config) by extension 'python_setup_py'
[9.264s] Level 1:colcon.colcon_core.package_identification:_identify(src/perception/launch) by extensions ['ignore', 'ignore_ament_install']
[9.264s] Level 1:colcon.colcon_core.package_identification:_identify(src/perception/launch) by extension 'ignore'
[9.264s] Level 1:colcon.colcon_core.package_identification:_identify(src/perception/launch) by extension 'ignore_ament_install'
[9.265s] Level 1:colcon.colcon_core.package_identification:_identify(src/perception/launch) by extensions ['colcon_pkg']
[9.265s] Level 1:colcon.colcon_core.package_identification:_identify(src/perception/launch) by extension 'colcon_pkg'
[9.265s] Level 1:colcon.colcon_core.package_identification:_identify(src/perception/launch) by extensions ['colcon_meta']
[9.265s] Level 1:colcon.colcon_core.package_identification:_identify(src/perception/launch) by extension 'colcon_meta'
[9.265s] Level 1:colcon.colcon_core.package_identification:_identify(src/perception/launch) by extensions ['ros']
[9.265s] Level 1:colcon.colcon_core.package_identification:_identify(src/perception/launch) by extension 'ros'
[9.265s] Level 1:colcon.colcon_core.package_identification:_identify(src/perception/launch) by extensions ['cmake', 'python']
[9.265s] Level 1:colcon.colcon_core.package_identification:_identify(src/perception/launch) by extension 'cmake'
[9.266s] Level 1:colcon.colcon_core.package_identification:_identify(src/perception/launch) by extension 'python'
[9.266s] Level 1:colcon.colcon_core.package_identification:_identify(src/perception/launch) by extensions ['python_setup_py']
[9.266s] Level 1:colcon.colcon_core.package_identification:_identify(src/perception/launch) by extension 'python_setup_py'
[9.267s] Level 1:colcon.colcon_core.package_identification:_identify(src/perception/resource) by extensions ['ignore', 'ignore_ament_install']
[9.267s] Level 1:colcon.colcon_core.package_identification:_identify(src/perception/resource) by extension 'ignore'
[9.267s] Level 1:colcon.colcon_core.package_identification:_identify(src/perception/resource) by extension 'ignore_ament_install'
[9.267s] Level 1:colcon.colcon_core.package_identification:_identify(src/perception/resource) by extensions ['colcon_pkg']
[9.267s] Level 1:colcon.colcon_core.package_identification:_identify(src/perception/resource) by extension 'colcon_pkg'
[9.267s] Level 1:colcon.colcon_core.package_identification:_identify(src/perception/resource) by extensions ['colcon_meta']
[9.267s] Level 1:colcon.colcon_core.package_identification:_identify(src/perception/resource) by extension 'colcon_meta'
[9.268s] Level 1:colcon.colcon_core.package_identification:_identify(src/perception/resource) by extensions ['ros']
[9.268s] Level 1:colcon.colcon_core.package_identification:_identify(src/perception/resource) by extension 'ros'
[9.268s] Level 1:colcon.colcon_core.package_identification:_identify(src/perception/resource) by extensions ['cmake', 'python']
[9.268s] Level 1:colcon.colcon_core.package_identification:_identify(src/perception/resource) by extension 'cmake'
[9.268s] Level 1:colcon.colcon_core.package_identification:_identify(src/perception/resource) by extension 'python'
[9.268s] Level 1:colcon.colcon_core.package_identification:_identify(src/perception/resource) by extensions ['python_setup_py']
[9.268s] Level 1:colcon.colcon_core.package_identification:_identify(src/perception/resource) by extension 'python_setup_py'
[9.278s] Level 1:colcon.colcon_core.package_identification:_identify(src/robot_model) by extensions ['ignore', 'ignore_ament_install']
[9.278s] Level 1:colcon.colcon_core.package_identification:_identify(src/robot_model) by extension 'ignore'
[9.279s] Level 1:colcon.colcon_core.package_identification:_identify(src/robot_model) by extension 'ignore_ament_install'
[9.279s] Level 1:colcon.colcon_core.package_identification:_identify(src/robot_model) by extensions ['colcon_pkg']
[9.279s] Level 1:colcon.colcon_core.package_identification:_identify(src/robot_model) by extension 'colcon_pkg'
[9.279s] Level 1:colcon.colcon_core.package_identification:_identify(src/robot_model) by extensions ['colcon_meta']
[9.279s] Level 1:colcon.colcon_core.package_identification:_identify(src/robot_model) by extension 'colcon_meta'
[9.279s] Level 1:colcon.colcon_core.package_identification:_identify(src/robot_model) by extensions ['ros']
[9.279s] Level 1:colcon.colcon_core.package_identification:_identify(src/robot_model) by extension 'ros'
[9.336s] DEBUG:colcon.colcon_core.package_identification:Package 'src/robot_model' with type 'ros.ament_cmake' and name 'robot_model'
[9.338s] Level 1:colcon.colcon_core.package_identification:_identify(src/start_up) by extensions ['ignore', 'ignore_ament_install']
[9.338s] Level 1:colcon.colcon_core.package_identification:_identify(src/start_up) by extension 'ignore'
[9.339s] Level 1:colcon.colcon_core.package_identification:_identify(src/start_up) by extension 'ignore_ament_install'
[9.339s] Level 1:colcon.colcon_core.package_identification:_identify(src/start_up) by extensions ['colcon_pkg']
[9.339s] Level 1:colcon.colcon_core.package_identification:_identify(src/start_up) by extension 'colcon_pkg'
[9.340s] Level 1:colcon.colcon_core.package_identification:_identify(src/start_up) by extensions ['colcon_meta']
[9.340s] Level 1:colcon.colcon_core.package_identification:_identify(src/start_up) by extension 'colcon_meta'
[9.340s] Level 1:colcon.colcon_core.package_identification:_identify(src/start_up) by extensions ['ros']
[9.340s] Level 1:colcon.colcon_core.package_identification:_identify(src/start_up) by extension 'ros'
[9.341s] Level 1:colcon.colcon_core.package_identification:_identify(src/start_up) by extensions ['cmake', 'python']
[9.341s] Level 1:colcon.colcon_core.package_identification:_identify(src/start_up) by extension 'cmake'
[9.341s] Level 1:colcon.colcon_core.package_identification:_identify(src/start_up) by extension 'python'
[9.341s] Level 1:colcon.colcon_core.package_identification:_identify(src/start_up) by extensions ['python_setup_py']
[9.342s] Level 1:colcon.colcon_core.package_identification:_identify(src/start_up) by extension 'python_setup_py'
[9.344s] Level 1:colcon.colcon_core.package_identification:_identify(src/start_up/config) by extensions ['ignore', 'ignore_ament_install']
[9.345s] Level 1:colcon.colcon_core.package_identification:_identify(src/start_up/config) by extension 'ignore'
[9.345s] Level 1:colcon.colcon_core.package_identification:_identify(src/start_up/config) by extension 'ignore_ament_install'
[9.345s] Level 1:colcon.colcon_core.package_identification:_identify(src/start_up/config) by extensions ['colcon_pkg']
[9.346s] Level 1:colcon.colcon_core.package_identification:_identify(src/start_up/config) by extension 'colcon_pkg'
[9.346s] Level 1:colcon.colcon_core.package_identification:_identify(src/start_up/config) by extensions ['colcon_meta']
[9.346s] Level 1:colcon.colcon_core.package_identification:_identify(src/start_up/config) by extension 'colcon_meta'
[9.346s] Level 1:colcon.colcon_core.package_identification:_identify(src/start_up/config) by extensions ['ros']
[9.346s] Level 1:colcon.colcon_core.package_identification:_identify(src/start_up/config) by extension 'ros'
[9.347s] Level 1:colcon.colcon_core.package_identification:_identify(src/start_up/config) by extensions ['cmake', 'python']
[9.347s] Level 1:colcon.colcon_core.package_identification:_identify(src/start_up/config) by extension 'cmake'
[9.347s] Level 1:colcon.colcon_core.package_identification:_identify(src/start_up/config) by extension 'python'
[9.347s] Level 1:colcon.colcon_core.package_identification:_identify(src/start_up/config) by extensions ['python_setup_py']
[9.348s] Level 1:colcon.colcon_core.package_identification:_identify(src/start_up/config) by extension 'python_setup_py'
[9.349s] Level 1:colcon.colcon_core.package_identification:_identify(src/start_up/launch) by extensions ['ignore', 'ignore_ament_install']
[9.349s] Level 1:colcon.colcon_core.package_identification:_identify(src/start_up/launch) by extension 'ignore'
[9.349s] Level 1:colcon.colcon_core.package_identification:_identify(src/start_up/launch) by extension 'ignore_ament_install'
[9.350s] Level 1:colcon.colcon_core.package_identification:_identify(src/start_up/launch) by extensions ['colcon_pkg']
[9.350s] Level 1:colcon.colcon_core.package_identification:_identify(src/start_up/launch) by extension 'colcon_pkg'
[9.350s] Level 1:colcon.colcon_core.package_identification:_identify(src/start_up/launch) by extensions ['colcon_meta']
[9.350s] Level 1:colcon.colcon_core.package_identification:_identify(src/start_up/launch) by extension 'colcon_meta'
[9.350s] Level 1:colcon.colcon_core.package_identification:_identify(src/start_up/launch) by extensions ['ros']
[9.350s] Level 1:colcon.colcon_core.package_identification:_identify(src/start_up/launch) by extension 'ros'
[9.350s] Level 1:colcon.colcon_core.package_identification:_identify(src/start_up/launch) by extensions ['cmake', 'python']
[9.351s] Level 1:colcon.colcon_core.package_identification:_identify(src/start_up/launch) by extension 'cmake'
[9.351s] Level 1:colcon.colcon_core.package_identification:_identify(src/start_up/launch) by extension 'python'
[9.351s] Level 1:colcon.colcon_core.package_identification:_identify(src/start_up/launch) by extensions ['python_setup_py']
[9.351s] Level 1:colcon.colcon_core.package_identification:_identify(src/start_up/launch) by extension 'python_setup_py'
[9.351s] Level 1:colcon.colcon_core.package_discovery:discover_packages(recursive) using defaults
[9.351s] Level 1:colcon.colcon_core.package_discovery:discover_packages(ignore) discover
[9.351s] Level 1:colcon.colcon_core.package_discovery:discover_packages(ignore) using defaults
[9.351s] Level 1:colcon.colcon_core.package_discovery:discover_packages(path) discover
[9.351s] Level 1:colcon.colcon_core.package_discovery:discover_packages(path) using defaults
[9.586s] Level 1:colcon.colcon_core.package_discovery:discover_packages(prefix_path) check parameters
[9.586s] Level 1:colcon.colcon_core.package_discovery:discover_packages(prefix_path) discover
[9.610s] DEBUG:colcon.colcon_installed_package_information.package_discovery:Found 307 installed packages in /opt/ros/jazzy
[9.615s] Level 1:colcon.colcon_core.package_discovery:discover_packages(prefix_path) using defaults
[9.767s] Level 5:colcon.colcon_core.verb:set package 'robot_model' build argument 'cmake_args' from command line to 'None'
[9.767s] Level 5:colcon.colcon_core.verb:set package 'robot_model' build argument 'cmake_target' from command line to 'None'
[9.767s] Level 5:colcon.colcon_core.verb:set package 'robot_model' build argument 'cmake_target_skip_unavailable' from command line to 'False'
[9.767s] Level 5:colcon.colcon_core.verb:set package 'robot_model' build argument 'cmake_clean_cache' from command line to 'False'
[9.767s] Level 5:colcon.colcon_core.verb:set package 'robot_model' build argument 'cmake_clean_first' from command line to 'False'
[9.767s] Level 5:colcon.colcon_core.verb:set package 'robot_model' build argument 'cmake_force_configure' from command line to 'False'
[9.767s] Level 5:colcon.colcon_core.verb:set package 'robot_model' build argument 'ament_cmake_args' from command line to 'None'
[9.767s] Level 5:colcon.colcon_core.verb:set package 'robot_model' build argument 'catkin_cmake_args' from command line to 'None'
[9.767s] Level 5:colcon.colcon_core.verb:set package 'robot_model' build argument 'catkin_skip_building_tests' from command line to 'False'
[9.767s] DEBUG:colcon.colcon_core.verb:Building package 'robot_model' with the following arguments: {'ament_cmake_args': None, 'build_base': '/home/info/ME4857Assignment2/build/robot_model', 'catkin_cmake_args': None, 'catkin_skip_building_tests': False, 'cmake_args': None, 'cmake_clean_cache': False, 'cmake_clean_first': False, 'cmake_force_configure': False, 'cmake_target': None, 'cmake_target_skip_unavailable': False, 'install_base': '/home/info/ME4857Assignment2/install/robot_model', 'merge_install': False, 'path': '/home/info/ME4857Assignment2/src/robot_model', 'symlink_install': True, 'test_result_base': None}
[9.768s] INFO:colcon.colcon_core.executor:Executing jobs using 'parallel' executor
[9.770s] DEBUG:colcon.colcon_parallel_executor.executor.parallel:run_until_complete
[9.770s] INFO:colcon.colcon_ros.task.ament_cmake.build:Building ROS package in '/home/info/ME4857Assignment2/src/robot_model' with build type 'ament_cmake'
[9.770s] INFO:colcon.colcon_cmake.task.cmake.build:Building CMake package in '/home/info/ME4857Assignment2/src/robot_model'
[9.834s] INFO:colcon.colcon_core.plugin_system:Skipping extension 'colcon_core.shell.bat': Not used on non-Windows systems
[9.834s] INFO:colcon.colcon_core.shell:Skip shell extension 'powershell' for command environment: Not usable outside of PowerShell
[9.834s] DEBUG:colcon.colcon_core.shell:Skip shell extension 'dsv' for command environment
[9.896s] DEBUG:colcon.colcon_core.event_handler.log_command:Invoking command in '/home/info/ME4857Assignment2/build/robot_model': CMAKE_PREFIX_PATH=${CMAKE_PREFIX_PATH}:/opt/ros/jazzy /usr/bin/cmake --build /home/info/ME4857Assignment2/build/robot_model -- -j4 -l4
[12.056s] DEBUG:colcon.colcon_core.event_handler.log_command:Invoked command in '/home/info/ME4857Assignment2/build/robot_model' returned '0': CMAKE_PREFIX_PATH=${CMAKE_PREFIX_PATH}:/opt/ros/jazzy /usr/bin/cmake --build /home/info/ME4857Assignment2/build/robot_model -- -j4 -l4
[12.079s] DEBUG:colcon.colcon_core.event_handler.log_command:Invoking command in '/home/info/ME4857Assignment2/build/robot_model': CMAKE_PREFIX_PATH=${CMAKE_PREFIX_PATH}:/opt/ros/jazzy /usr/bin/cmake --install /home/info/ME4857Assignment2/build/robot_model
[12.315s] Level 1:colcon.colcon_core.environment:create_environment_scripts_only(robot_model)
[12.317s] DEBUG:colcon.colcon_core.event_handler.log_command:Invoked command in '/home/info/ME4857Assignment2/build/robot_model' returned '0': CMAKE_PREFIX_PATH=${CMAKE_PREFIX_PATH}:/opt/ros/jazzy /usr/bin/cmake --install /home/info/ME4857Assignment2/build/robot_model
[12.424s] Level 1:colcon.colcon_core.environment:checking '/home/info/ME4857Assignment2/install/robot_model' for CMake module files
[12.425s] Level 1:colcon.colcon_core.environment:checking '/home/info/ME4857Assignment2/install/robot_model' for CMake config files
[12.490s] Level 1:colcon.colcon_core.shell:create_environment_hook('robot_model', 'cmake_prefix_path')
[12.491s] INFO:colcon.colcon_core.shell:Creating environment hook '/home/info/ME4857Assignment2/install/robot_model/share/robot_model/hook/cmake_prefix_path.ps1'
[12.511s] INFO:colcon.colcon_core.shell:Creating environment descriptor '/home/info/ME4857Assignment2/install/robot_model/share/robot_model/hook/cmake_prefix_path.dsv'
[12.521s] INFO:colcon.colcon_core.shell:Creating environment hook '/home/info/ME4857Assignment2/install/robot_model/share/robot_model/hook/cmake_prefix_path.sh'
[12.523s] Level 1:colcon.colcon_core.environment:checking '/home/info/ME4857Assignment2/install/robot_model/bin'
[12.524s] Level 1:colcon.colcon_core.environment:checking '/home/info/ME4857Assignment2/install/robot_model/lib/pkgconfig/robot_model.pc'
[12.524s] Level 1:colcon.colcon_core.environment:checking '/home/info/ME4857Assignment2/install/robot_model/lib/python3.12/site-packages'
[12.525s] Level 1:colcon.colcon_core.environment:checking '/home/info/ME4857Assignment2/install/robot_model/bin'
[12.525s] INFO:colcon.colcon_core.shell:Creating package script '/home/info/ME4857Assignment2/install/robot_model/share/robot_model/package.ps1'
[12.528s] INFO:colcon.colcon_core.shell:Creating package descriptor '/home/info/ME4857Assignment2/install/robot_model/share/robot_model/package.dsv'
[12.530s] INFO:colcon.colcon_core.shell:Creating package script '/home/info/ME4857Assignment2/install/robot_model/share/robot_model/package.sh'
[12.532s] INFO:colcon.colcon_core.shell:Creating package script '/home/info/ME4857Assignment2/install/robot_model/share/robot_model/package.bash'
[12.548s] INFO:colcon.colcon_core.shell:Creating package script '/home/info/ME4857Assignment2/install/robot_model/share/robot_model/package.zsh'
[12.554s] Level 1:colcon.colcon_core.environment:create_file_with_runtime_dependencies(/home/info/ME4857Assignment2/install/robot_model/share/colcon-core/packages/robot_model)
[12.571s] Level 1:colcon.colcon_core.environment:create_environment_scripts_only(robot_model)
[12.571s] Level 1:colcon.colcon_core.environment:checking '/home/info/ME4857Assignment2/install/robot_model' for CMake module files
[12.572s] Level 1:colcon.colcon_core.environment:checking '/home/info/ME4857Assignment2/install/robot_model' for CMake config files
[12.574s] Level 1:colcon.colcon_core.shell:create_environment_hook('robot_model', 'cmake_prefix_path')
[12.575s] INFO:colcon.colcon_core.shell:Creating environment hook '/home/info/ME4857Assignment2/install/robot_model/share/robot_model/hook/cmake_prefix_path.ps1'
[12.575s] INFO:colcon.colcon_core.shell:Creating environment descriptor '/home/info/ME4857Assignment2/install/robot_model/share/robot_model/hook/cmake_prefix_path.dsv'
[12.576s] INFO:colcon.colcon_core.shell:Creating environment hook '/home/info/ME4857Assignment2/install/robot_model/share/robot_model/hook/cmake_prefix_path.sh'
[12.577s] Level 1:colcon.colcon_core.environment:checking '/home/info/ME4857Assignment2/install/robot_model/bin'
[12.578s] Level 1:colcon.colcon_core.environment:checking '/home/info/ME4857Assignment2/install/robot_model/lib/pkgconfig/robot_model.pc'
[12.578s] Level 1:colcon.colcon_core.environment:checking '/home/info/ME4857Assignment2/install/robot_model/lib/python3.12/site-packages'
[12.579s] Level 1:colcon.colcon_core.environment:checking '/home/info/ME4857Assignment2/install/robot_model/bin'
[12.579s] INFO:colcon.colcon_core.shell:Creating package script '/home/info/ME4857Assignment2/install/robot_model/share/robot_model/package.ps1'
[12.580s] INFO:colcon.colcon_core.shell:Creating package descriptor '/home/info/ME4857Assignment2/install/robot_model/share/robot_model/package.dsv'
[12.581s] INFO:colcon.colcon_core.shell:Creating package script '/home/info/ME4857Assignment2/install/robot_model/share/robot_model/package.sh'
[12.582s] INFO:colcon.colcon_core.shell:Creating package script '/home/info/ME4857Assignment2/install/robot_model/share/robot_model/package.bash'
[12.584s] INFO:colcon.colcon_core.shell:Creating package script '/home/info/ME4857Assignment2/install/robot_model/share/robot_model/package.zsh'
[12.586s] Level 1:colcon.colcon_core.environment:create_file_with_runtime_dependencies(/home/info/ME4857Assignment2/install/robot_model/share/colcon-core/packages/robot_model)
[12.587s] DEBUG:colcon.colcon_parallel_executor.executor.parallel:closing loop
[12.590s] DEBUG:colcon.colcon_parallel_executor.executor.parallel:loop closed
[12.590s] DEBUG:colcon.colcon_parallel_executor.executor.parallel:run_until_complete finished with '0'
[12.590s] DEBUG:colcon.colcon_core.event_reactor:joining thread
[12.669s] INFO:colcon.colcon_core.plugin_system:Skipping extension 'colcon_notification.desktop_notification.notify_send': Could not find 'notify-send'
[12.670s] INFO:colcon.colcon_core.plugin_system:Skipping extension 'colcon_notification.desktop_notification.terminal_notifier': Not used on non-Darwin systems
[12.670s] INFO:colcon.colcon_core.plugin_system:Skipping extension 'colcon_notification.desktop_notification.win32': Not used on non-Windows systems
[12.670s] INFO:colcon.colcon_notification.desktop_notification:Sending desktop notification using 'notify2'
[12.805s] DEBUG:colcon.colcon_notification.desktop_notification.notify2:Failed to initialize notify2: org.freedesktop.DBus.Error.ServiceUnknown: The name org.freedesktop.Notifications was not provided by any .service files
[12.805s] DEBUG:colcon.colcon_core.event_reactor:joined thread
[12.806s] INFO:colcon.colcon_core.shell:Creating prefix script '/home/info/ME4857Assignment2/install/local_setup.ps1'
[12.821s] INFO:colcon.colcon_core.shell:Creating prefix util module '/home/info/ME4857Assignment2/install/_local_setup_util_ps1.py'
[12.833s] INFO:colcon.colcon_core.shell:Creating prefix chain script '/home/info/ME4857Assignment2/install/setup.ps1'
[12.836s] INFO:colcon.colcon_core.shell:Creating prefix script '/home/info/ME4857Assignment2/install/local_setup.sh'
[12.838s] INFO:colcon.colcon_core.shell:Creating prefix util module '/home/info/ME4857Assignment2/install/_local_setup_util_sh.py'
[12.840s] INFO:colcon.colcon_core.shell:Creating prefix chain script '/home/info/ME4857Assignment2/install/setup.sh'
[12.843s] INFO:colcon.colcon_core.shell:Creating prefix script '/home/info/ME4857Assignment2/install/local_setup.bash'
[12.845s] INFO:colcon.colcon_core.shell:Creating prefix chain script '/home/info/ME4857Assignment2/install/setup.bash'
[12.847s] INFO:colcon.colcon_core.shell:Creating prefix script '/home/info/ME4857Assignment2/install/local_setup.zsh'
[12.849s] INFO:colcon.colcon_core.shell:Creating prefix chain script '/home/info/ME4857Assignment2/install/setup.zsh'
