-- Install configuration: ""
-- Up-to-date: /home/info/ME4857Assignment2/install/gazebo_worlds/share/gazebo_worlds/worlds
-- Up-to-date: /home/info/ME4857Assignment2/install/gazebo_worlds/share/gazebo_worlds/worlds/assignment_world.sdf
-- Up-to-date: /home/info/ME4857Assignment2/install/gazebo_worlds/share/gazebo_worlds/models
-- Up-to-date: /home/info/ME4857Assignment2/install/gazebo_worlds/share/gazebo_worlds/models/robot_model
-- Up-to-date: /home/info/ME4857Assignment2/install/gazebo_worlds/share/gazebo_worlds/models/robot_model/meshes
-- Up-to-date: /home/info/ME4857Assignment2/install/gazebo_worlds/share/ament_index/resource_index/package_run_dependencies/gazebo_worlds
-- Up-to-date: /home/info/ME4857Assignment2/install/gazebo_worlds/share/ament_index/resource_index/parent_prefix_path/gazebo_worlds
-- Up-to-date: /home/info/ME4857Assignment2/install/gazebo_worlds/share/gazebo_worlds/environment/ament_prefix_path.sh
-- Up-to-date: /home/info/ME4857Assignment2/install/gazebo_worlds/share/gazebo_worlds/environment/ament_prefix_path.dsv
-- Up-to-date: /home/info/ME4857Assignment2/install/gazebo_worlds/share/gazebo_worlds/environment/path.sh
-- Up-to-date: /home/info/ME4857Assignment2/install/gazebo_worlds/share/gazebo_worlds/environment/path.dsv
-- Up-to-date: /home/info/ME4857Assignment2/install/gazebo_worlds/share/gazebo_worlds/local_setup.bash
-- Up-to-date: /home/info/ME4857Assignment2/install/gazebo_worlds/share/gazebo_worlds/local_setup.sh
-- Up-to-date: /home/info/ME4857Assignment2/install/gazebo_worlds/share/gazebo_worlds/local_setup.zsh
-- Up-to-date: /home/info/ME4857Assignment2/install/gazebo_worlds/share/gazebo_worlds/local_setup.dsv
-- Up-to-date: /home/info/ME4857Assignment2/install/gazebo_worlds/share/gazebo_worlds/package.dsv
-- Up-to-date: /home/info/ME4857Assignment2/install/gazebo_worlds/share/ament_index/resource_index/packages/gazebo_worlds
-- Up-to-date: /home/info/ME4857Assignment2/install/gazebo_worlds/share/gazebo_worlds/cmake/gazebo_worldsConfig.cmake
-- Up-to-date: /home/info/ME4857Assignment2/install/gazebo_worlds/share/gazebo_worlds/cmake/gazebo_worldsConfig-version.cmake
-- Up-to-date: /home/info/ME4857Assignment2/install/gazebo_worlds/share/gazebo_worlds/package.xml
