[6.061s] DEBUG:colcon:Command line arguments: ['/usr/bin/colcon', 'build', '--symlink-install']
[6.061s] DEBUG:colcon:Parsed command line arguments: Namespace(log_base=None, log_level=None, verb_name='build', build_base='build', install_base='install', merge_install=False, symlink_install=True, test_result_base=None, continue_on_error=False, executor='parallel', parallel_workers=4, event_handlers=None, ignore_user_meta=False, metas=['./colcon.meta'], base_paths=['.'], packages_ignore=None, packages_ignore_regex=None, paths=None, packages_up_to=None, packages_up_to_regex=None, packages_above=None, packages_above_and_dependencies=None, packages_above_depth=None, packages_select_by_dep=None, packages_skip_by_dep=None, packages_skip_up_to=None, packages_select_build_failed=False, packages_skip_build_finished=False, packages_select_test_failures=False, packages_skip_test_passed=False, packages_select=None, packages_skip=None, packages_select_regex=None, packages_skip_regex=None, packages_start=None, packages_end=None, allow_overriding=[], cmake_args=None, cmake_target=None, cmake_target_skip_unavailable=False, cmake_clean_cache=False, cmake_clean_first=False, cmake_force_configure=False, ament_cmake_args=None, catkin_cmake_args=None, catkin_skip_building_tests=False, mixin_files=None, mixin=None, verb_parser=<colcon_mixin.mixin.mixin_argument.MixinArgumentDecorator object at 0x79b4331955e0>, verb_extension=<colcon_core.verb.build.BuildVerb object at 0x79b43406fe00>, main=<bound method BuildVerb.main of <colcon_core.verb.build.BuildVerb object at 0x79b43406fe00>>, mixin_verb=('build',))
[6.395s] Level 1:colcon.colcon_core.package_discovery:discover_packages(colcon_meta) check parameters
[6.395s] Level 1:colcon.colcon_core.package_discovery:discover_packages(recursive) check parameters
[6.395s] Level 1:colcon.colcon_core.package_discovery:discover_packages(ignore) check parameters
[6.395s] Level 1:colcon.colcon_core.package_discovery:discover_packages(path) check parameters
[6.396s] Level 1:colcon.colcon_core.package_discovery:discover_packages(colcon_meta) discover
[6.396s] Level 1:colcon.colcon_core.package_discovery:discover_packages(recursive) discover
[6.396s] INFO:colcon.colcon_core.package_discovery:Crawling recursively for packages in '/home/info/ME4857Assignment2'
[6.396s] Level 1:colcon.colcon_core.package_identification:_identify(.) by extensions ['ignore', 'ignore_ament_install']
[6.396s] Level 1:colcon.colcon_core.package_identification:_identify(.) by extension 'ignore'
[6.396s] Level 1:colcon.colcon_core.package_identification:_identify(.) by extension 'ignore_ament_install'
[6.397s] Level 1:colcon.colcon_core.package_identification:_identify(.) by extensions ['colcon_pkg']
[6.397s] Level 1:colcon.colcon_core.package_identification:_identify(.) by extension 'colcon_pkg'
[6.397s] Level 1:colcon.colcon_core.package_identification:_identify(.) by extensions ['colcon_meta']
[6.397s] Level 1:colcon.colcon_core.package_identification:_identify(.) by extension 'colcon_meta'
[6.397s] Level 1:colcon.colcon_core.package_identification:_identify(.) by extensions ['ros']
[6.397s] Level 1:colcon.colcon_core.package_identification:_identify(.) by extension 'ros'
[6.595s] Level 1:colcon.colcon_core.package_identification:_identify(.) by extensions ['cmake', 'python']
[6.595s] Level 1:colcon.colcon_core.package_identification:_identify(.) by extension 'cmake'
[6.595s] Level 1:colcon.colcon_core.package_identification:_identify(.) by extension 'python'
[6.596s] Level 1:colcon.colcon_core.package_identification:_identify(.) by extensions ['python_setup_py']
[6.596s] Level 1:colcon.colcon_core.package_identification:_identify(.) by extension 'python_setup_py'
[6.596s] Level 1:colcon.colcon_core.package_identification:_identify(build) by extensions ['ignore', 'ignore_ament_install']
[6.596s] Level 1:colcon.colcon_core.package_identification:_identify(build) by extension 'ignore'
[6.596s] Level 1:colcon.colcon_core.package_identification:_identify(build) ignored
[6.597s] Level 1:colcon.colcon_core.package_identification:_identify(install) by extensions ['ignore', 'ignore_ament_install']
[6.597s] Level 1:colcon.colcon_core.package_identification:_identify(install) by extension 'ignore'
[6.597s] Level 1:colcon.colcon_core.package_identification:_identify(install) ignored
[6.598s] Level 1:colcon.colcon_core.package_identification:_identify(log) by extensions ['ignore', 'ignore_ament_install']
[6.598s] Level 1:colcon.colcon_core.package_identification:_identify(log) by extension 'ignore'
[6.598s] Level 1:colcon.colcon_core.package_identification:_identify(log) ignored
[6.598s] Level 1:colcon.colcon_core.package_identification:_identify(src) by extensions ['ignore', 'ignore_ament_install']
[6.599s] Level 1:colcon.colcon_core.package_identification:_identify(src) by extension 'ignore'
[6.599s] Level 1:colcon.colcon_core.package_identification:_identify(src) by extension 'ignore_ament_install'
[6.599s] Level 1:colcon.colcon_core.package_identification:_identify(src) by extensions ['colcon_pkg']
[6.599s] Level 1:colcon.colcon_core.package_identification:_identify(src) by extension 'colcon_pkg'
[6.599s] Level 1:colcon.colcon_core.package_identification:_identify(src) by extensions ['colcon_meta']
[6.599s] Level 1:colcon.colcon_core.package_identification:_identify(src) by extension 'colcon_meta'
[6.599s] Level 1:colcon.colcon_core.package_identification:_identify(src) by extensions ['ros']
[6.599s] Level 1:colcon.colcon_core.package_identification:_identify(src) by extension 'ros'
[6.600s] Level 1:colcon.colcon_core.package_identification:_identify(src) by extensions ['cmake', 'python']
[6.600s] Level 1:colcon.colcon_core.package_identification:_identify(src) by extension 'cmake'
[6.600s] Level 1:colcon.colcon_core.package_identification:_identify(src) by extension 'python'
[6.600s] Level 1:colcon.colcon_core.package_identification:_identify(src) by extensions ['python_setup_py']
[6.600s] Level 1:colcon.colcon_core.package_identification:_identify(src) by extension 'python_setup_py'
[6.620s] Level 1:colcon.colcon_core.package_identification:_identify(src/bt) by extensions ['ignore', 'ignore_ament_install']
[6.620s] Level 1:colcon.colcon_core.package_identification:_identify(src/bt) by extension 'ignore'
[6.620s] Level 1:colcon.colcon_core.package_identification:_identify(src/bt) by extension 'ignore_ament_install'
[6.620s] Level 1:colcon.colcon_core.package_identification:_identify(src/bt) by extensions ['colcon_pkg']
[6.620s] Level 1:colcon.colcon_core.package_identification:_identify(src/bt) by extension 'colcon_pkg'
[6.620s] Level 1:colcon.colcon_core.package_identification:_identify(src/bt) by extensions ['colcon_meta']
[6.621s] Level 1:colcon.colcon_core.package_identification:_identify(src/bt) by extension 'colcon_meta'
[6.621s] Level 1:colcon.colcon_core.package_identification:_identify(src/bt) by extensions ['ros']
[6.621s] Level 1:colcon.colcon_core.package_identification:_identify(src/bt) by extension 'ros'
[6.621s] Level 1:colcon.colcon_core.package_identification:_identify(src/bt) by extensions ['cmake', 'python']
[6.621s] Level 1:colcon.colcon_core.package_identification:_identify(src/bt) by extension 'cmake'
[6.621s] Level 1:colcon.colcon_core.package_identification:_identify(src/bt) by extension 'python'
[6.621s] Level 1:colcon.colcon_core.package_identification:_identify(src/bt) by extensions ['python_setup_py']
[6.621s] Level 1:colcon.colcon_core.package_identification:_identify(src/bt) by extension 'python_setup_py'
[6.622s] Level 1:colcon.colcon_core.package_identification:_identify(src/bt/bt_xml) by extensions ['ignore', 'ignore_ament_install']
[6.623s] Level 1:colcon.colcon_core.package_identification:_identify(src/bt/bt_xml) by extension 'ignore'
[6.623s] Level 1:colcon.colcon_core.package_identification:_identify(src/bt/bt_xml) by extension 'ignore_ament_install'
[6.623s] Level 1:colcon.colcon_core.package_identification:_identify(src/bt/bt_xml) by extensions ['colcon_pkg']
[6.623s] Level 1:colcon.colcon_core.package_identification:_identify(src/bt/bt_xml) by extension 'colcon_pkg'
[6.623s] Level 1:colcon.colcon_core.package_identification:_identify(src/bt/bt_xml) by extensions ['colcon_meta']
[6.624s] Level 1:colcon.colcon_core.package_identification:_identify(src/bt/bt_xml) by extension 'colcon_meta'
[6.624s] Level 1:colcon.colcon_core.package_identification:_identify(src/bt/bt_xml) by extensions ['ros']
[6.624s] Level 1:colcon.colcon_core.package_identification:_identify(src/bt/bt_xml) by extension 'ros'
[6.624s] Level 1:colcon.colcon_core.package_identification:_identify(src/bt/bt_xml) by extensions ['cmake', 'python']
[6.624s] Level 1:colcon.colcon_core.package_identification:_identify(src/bt/bt_xml) by extension 'cmake'
[6.624s] Level 1:colcon.colcon_core.package_identification:_identify(src/bt/bt_xml) by extension 'python'
[6.624s] Level 1:colcon.colcon_core.package_identification:_identify(src/bt/bt_xml) by extensions ['python_setup_py']
[6.624s] Level 1:colcon.colcon_core.package_identification:_identify(src/bt/bt_xml) by extension 'python_setup_py'
[6.625s] Level 1:colcon.colcon_core.package_identification:_identify(src/bt/config) by extensions ['ignore', 'ignore_ament_install']
[6.626s] Level 1:colcon.colcon_core.package_identification:_identify(src/bt/config) by extension 'ignore'
[6.626s] Level 1:colcon.colcon_core.package_identification:_identify(src/bt/config) by extension 'ignore_ament_install'
[6.626s] Level 1:colcon.colcon_core.package_identification:_identify(src/bt/config) by extensions ['colcon_pkg']
[6.626s] Level 1:colcon.colcon_core.package_identification:_identify(src/bt/config) by extension 'colcon_pkg'
[6.626s] Level 1:colcon.colcon_core.package_identification:_identify(src/bt/config) by extensions ['colcon_meta']
[6.626s] Level 1:colcon.colcon_core.package_identification:_identify(src/bt/config) by extension 'colcon_meta'
[6.626s] Level 1:colcon.colcon_core.package_identification:_identify(src/bt/config) by extensions ['ros']
[6.626s] Level 1:colcon.colcon_core.package_identification:_identify(src/bt/config) by extension 'ros'
[6.627s] Level 1:colcon.colcon_core.package_identification:_identify(src/bt/config) by extensions ['cmake', 'python']
[6.627s] Level 1:colcon.colcon_core.package_identification:_identify(src/bt/config) by extension 'cmake'
[6.627s] Level 1:colcon.colcon_core.package_identification:_identify(src/bt/config) by extension 'python'
[6.627s] Level 1:colcon.colcon_core.package_identification:_identify(src/bt/config) by extensions ['python_setup_py']
[6.627s] Level 1:colcon.colcon_core.package_identification:_identify(src/bt/config) by extension 'python_setup_py'
[6.628s] Level 1:colcon.colcon_core.package_identification:_identify(src/bt/launch) by extensions ['ignore', 'ignore_ament_install']
[6.628s] Level 1:colcon.colcon_core.package_identification:_identify(src/bt/launch) by extension 'ignore'
[6.628s] Level 1:colcon.colcon_core.package_identification:_identify(src/bt/launch) by extension 'ignore_ament_install'
[6.628s] Level 1:colcon.colcon_core.package_identification:_identify(src/bt/launch) by extensions ['colcon_pkg']
[6.628s] Level 1:colcon.colcon_core.package_identification:_identify(src/bt/launch) by extension 'colcon_pkg'
[6.629s] Level 1:colcon.colcon_core.package_identification:_identify(src/bt/launch) by extensions ['colcon_meta']
[6.629s] Level 1:colcon.colcon_core.package_identification:_identify(src/bt/launch) by extension 'colcon_meta'
[6.629s] Level 1:colcon.colcon_core.package_identification:_identify(src/bt/launch) by extensions ['ros']
[6.629s] Level 1:colcon.colcon_core.package_identification:_identify(src/bt/launch) by extension 'ros'
[6.629s] Level 1:colcon.colcon_core.package_identification:_identify(src/bt/launch) by extensions ['cmake', 'python']
[6.629s] Level 1:colcon.colcon_core.package_identification:_identify(src/bt/launch) by extension 'cmake'
[6.629s] Level 1:colcon.colcon_core.package_identification:_identify(src/bt/launch) by extension 'python'
[6.629s] Level 1:colcon.colcon_core.package_identification:_identify(src/bt/launch) by extensions ['python_setup_py']
[6.629s] Level 1:colcon.colcon_core.package_identification:_identify(src/bt/launch) by extension 'python_setup_py'
[6.630s] Level 1:colcon.colcon_core.package_identification:_identify(src/gazebo) by extensions ['ignore', 'ignore_ament_install']
[6.630s] Level 1:colcon.colcon_core.package_identification:_identify(src/gazebo) by extension 'ignore'
[6.630s] Level 1:colcon.colcon_core.package_identification:_identify(src/gazebo) by extension 'ignore_ament_install'
[6.630s] Level 1:colcon.colcon_core.package_identification:_identify(src/gazebo) by extensions ['colcon_pkg']
[6.630s] Level 1:colcon.colcon_core.package_identification:_identify(src/gazebo) by extension 'colcon_pkg'
[6.630s] Level 1:colcon.colcon_core.package_identification:_identify(src/gazebo) by extensions ['colcon_meta']
[6.631s] Level 1:colcon.colcon_core.package_identification:_identify(src/gazebo) by extension 'colcon_meta'
[6.631s] Level 1:colcon.colcon_core.package_identification:_identify(src/gazebo) by extensions ['ros']
[6.631s] Level 1:colcon.colcon_core.package_identification:_identify(src/gazebo) by extension 'ros'
[6.631s] Level 1:colcon.colcon_core.package_identification:_identify(src/gazebo) by extensions ['cmake', 'python']
[6.631s] Level 1:colcon.colcon_core.package_identification:_identify(src/gazebo) by extension 'cmake'
[6.631s] Level 1:colcon.colcon_core.package_identification:_identify(src/gazebo) by extension 'python'
[6.631s] Level 1:colcon.colcon_core.package_identification:_identify(src/gazebo) by extensions ['python_setup_py']
[6.631s] Level 1:colcon.colcon_core.package_identification:_identify(src/gazebo) by extension 'python_setup_py'
[6.641s] Level 1:colcon.colcon_core.package_identification:_identify(src/gazebo/models) by extensions ['ignore', 'ignore_ament_install']
[6.641s] Level 1:colcon.colcon_core.package_identification:_identify(src/gazebo/models) by extension 'ignore'
[6.642s] Level 1:colcon.colcon_core.package_identification:_identify(src/gazebo/models) by extension 'ignore_ament_install'
[6.642s] Level 1:colcon.colcon_core.package_identification:_identify(src/gazebo/models) by extensions ['colcon_pkg']
[6.642s] Level 1:colcon.colcon_core.package_identification:_identify(src/gazebo/models) by extension 'colcon_pkg'
[6.642s] Level 1:colcon.colcon_core.package_identification:_identify(src/gazebo/models) by extensions ['colcon_meta']
[6.642s] Level 1:colcon.colcon_core.package_identification:_identify(src/gazebo/models) by extension 'colcon_meta'
[6.642s] Level 1:colcon.colcon_core.package_identification:_identify(src/gazebo/models) by extensions ['ros']
[6.642s] Level 1:colcon.colcon_core.package_identification:_identify(src/gazebo/models) by extension 'ros'
[6.643s] Level 1:colcon.colcon_core.package_identification:_identify(src/gazebo/models) by extensions ['cmake', 'python']
[6.643s] Level 1:colcon.colcon_core.package_identification:_identify(src/gazebo/models) by extension 'cmake'
[6.643s] Level 1:colcon.colcon_core.package_identification:_identify(src/gazebo/models) by extension 'python'
[6.643s] Level 1:colcon.colcon_core.package_identification:_identify(src/gazebo/models) by extensions ['python_setup_py']
[6.643s] Level 1:colcon.colcon_core.package_identification:_identify(src/gazebo/models) by extension 'python_setup_py'
[6.651s] Level 1:colcon.colcon_core.package_identification:_identify(src/gazebo/models/robot_model) by extensions ['ignore', 'ignore_ament_install']
[6.652s] Level 1:colcon.colcon_core.package_identification:_identify(src/gazebo/models/robot_model) by extension 'ignore'
[6.652s] Level 1:colcon.colcon_core.package_identification:_identify(src/gazebo/models/robot_model) by extension 'ignore_ament_install'
[6.652s] Level 1:colcon.colcon_core.package_identification:_identify(src/gazebo/models/robot_model) by extensions ['colcon_pkg']
[6.652s] Level 1:colcon.colcon_core.package_identification:_identify(src/gazebo/models/robot_model) by extension 'colcon_pkg'
[6.652s] Level 1:colcon.colcon_core.package_identification:_identify(src/gazebo/models/robot_model) by extensions ['colcon_meta']
[6.652s] Level 1:colcon.colcon_core.package_identification:_identify(src/gazebo/models/robot_model) by extension 'colcon_meta'
[6.653s] Level 1:colcon.colcon_core.package_identification:_identify(src/gazebo/models/robot_model) by extensions ['ros']
[6.653s] Level 1:colcon.colcon_core.package_identification:_identify(src/gazebo/models/robot_model) by extension 'ros'
[6.653s] Level 1:colcon.colcon_core.package_identification:_identify(src/gazebo/models/robot_model) by extensions ['cmake', 'python']
[6.653s] Level 1:colcon.colcon_core.package_identification:_identify(src/gazebo/models/robot_model) by extension 'cmake'
[6.653s] Level 1:colcon.colcon_core.package_identification:_identify(src/gazebo/models/robot_model) by extension 'python'
[6.653s] Level 1:colcon.colcon_core.package_identification:_identify(src/gazebo/models/robot_model) by extensions ['python_setup_py']
[6.654s] Level 1:colcon.colcon_core.package_identification:_identify(src/gazebo/models/robot_model) by extension 'python_setup_py'
[6.663s] Level 1:colcon.colcon_core.package_identification:_identify(src/gazebo/models/robot_model/meshes) by extensions ['ignore', 'ignore_ament_install']
[6.664s] Level 1:colcon.colcon_core.package_identification:_identify(src/gazebo/models/robot_model/meshes) by extension 'ignore'
[6.664s] Level 1:colcon.colcon_core.package_identification:_identify(src/gazebo/models/robot_model/meshes) by extension 'ignore_ament_install'
[6.664s] Level 1:colcon.colcon_core.package_identification:_identify(src/gazebo/models/robot_model/meshes) by extensions ['colcon_pkg']
[6.664s] Level 1:colcon.colcon_core.package_identification:_identify(src/gazebo/models/robot_model/meshes) by extension 'colcon_pkg'
[6.664s] Level 1:colcon.colcon_core.package_identification:_identify(src/gazebo/models/robot_model/meshes) by extensions ['colcon_meta']
[6.664s] Level 1:colcon.colcon_core.package_identification:_identify(src/gazebo/models/robot_model/meshes) by extension 'colcon_meta'
[6.664s] Level 1:colcon.colcon_core.package_identification:_identify(src/gazebo/models/robot_model/meshes) by extensions ['ros']
[6.664s] Level 1:colcon.colcon_core.package_identification:_identify(src/gazebo/models/robot_model/meshes) by extension 'ros'
[6.665s] Level 1:colcon.colcon_core.package_identification:_identify(src/gazebo/models/robot_model/meshes) by extensions ['cmake', 'python']
[6.665s] Level 1:colcon.colcon_core.package_identification:_identify(src/gazebo/models/robot_model/meshes) by extension 'cmake'
[6.665s] Level 1:colcon.colcon_core.package_identification:_identify(src/gazebo/models/robot_model/meshes) by extension 'python'
[6.665s] Level 1:colcon.colcon_core.package_identification:_identify(src/gazebo/models/robot_model/meshes) by extensions ['python_setup_py']
[6.665s] Level 1:colcon.colcon_core.package_identification:_identify(src/gazebo/models/robot_model/meshes) by extension 'python_setup_py'
[6.680s] Level 1:colcon.colcon_core.package_identification:_identify(src/gazebo/worlds) by extensions ['ignore', 'ignore_ament_install']
[6.681s] Level 1:colcon.colcon_core.package_identification:_identify(src/gazebo/worlds) by extension 'ignore'
[6.681s] Level 1:colcon.colcon_core.package_identification:_identify(src/gazebo/worlds) by extension 'ignore_ament_install'
[6.681s] Level 1:colcon.colcon_core.package_identification:_identify(src/gazebo/worlds) by extensions ['colcon_pkg']
[6.681s] Level 1:colcon.colcon_core.package_identification:_identify(src/gazebo/worlds) by extension 'colcon_pkg'
[6.681s] Level 1:colcon.colcon_core.package_identification:_identify(src/gazebo/worlds) by extensions ['colcon_meta']
[6.681s] Level 1:colcon.colcon_core.package_identification:_identify(src/gazebo/worlds) by extension 'colcon_meta'
[6.681s] Level 1:colcon.colcon_core.package_identification:_identify(src/gazebo/worlds) by extensions ['ros']
[6.681s] Level 1:colcon.colcon_core.package_identification:_identify(src/gazebo/worlds) by extension 'ros'
[6.682s] Level 1:colcon.colcon_core.package_identification:_identify(src/gazebo/worlds) by extensions ['cmake', 'python']
[6.682s] Level 1:colcon.colcon_core.package_identification:_identify(src/gazebo/worlds) by extension 'cmake'
[6.682s] Level 1:colcon.colcon_core.package_identification:_identify(src/gazebo/worlds) by extension 'python'
[6.682s] Level 1:colcon.colcon_core.package_identification:_identify(src/gazebo/worlds) by extensions ['python_setup_py']
[6.682s] Level 1:colcon.colcon_core.package_identification:_identify(src/gazebo/worlds) by extension 'python_setup_py'
[6.697s] Level 1:colcon.colcon_core.package_identification:_identify(src/navigation) by extensions ['ignore', 'ignore_ament_install']
[6.697s] Level 1:colcon.colcon_core.package_identification:_identify(src/navigation) by extension 'ignore'
[6.698s] Level 1:colcon.colcon_core.package_identification:_identify(src/navigation) by extension 'ignore_ament_install'
[6.698s] Level 1:colcon.colcon_core.package_identification:_identify(src/navigation) by extensions ['colcon_pkg']
[6.698s] Level 1:colcon.colcon_core.package_identification:_identify(src/navigation) by extension 'colcon_pkg'
[6.698s] Level 1:colcon.colcon_core.package_identification:_identify(src/navigation) by extensions ['colcon_meta']
[6.698s] Level 1:colcon.colcon_core.package_identification:_identify(src/navigation) by extension 'colcon_meta'
[6.698s] Level 1:colcon.colcon_core.package_identification:_identify(src/navigation) by extensions ['ros']
[6.698s] Level 1:colcon.colcon_core.package_identification:_identify(src/navigation) by extension 'ros'
[6.699s] Level 1:colcon.colcon_core.package_identification:_identify(src/navigation) by extensions ['cmake', 'python']
[6.699s] Level 1:colcon.colcon_core.package_identification:_identify(src/navigation) by extension 'cmake'
[6.699s] Level 1:colcon.colcon_core.package_identification:_identify(src/navigation) by extension 'python'
[6.699s] Level 1:colcon.colcon_core.package_identification:_identify(src/navigation) by extensions ['python_setup_py']
[6.699s] Level 1:colcon.colcon_core.package_identification:_identify(src/navigation) by extension 'python_setup_py'
[6.704s] Level 1:colcon.colcon_core.package_identification:_identify(src/navigation/config) by extensions ['ignore', 'ignore_ament_install']
[6.704s] Level 1:colcon.colcon_core.package_identification:_identify(src/navigation/config) by extension 'ignore'
[6.704s] Level 1:colcon.colcon_core.package_identification:_identify(src/navigation/config) by extension 'ignore_ament_install'
[6.705s] Level 1:colcon.colcon_core.package_identification:_identify(src/navigation/config) by extensions ['colcon_pkg']
[6.705s] Level 1:colcon.colcon_core.package_identification:_identify(src/navigation/config) by extension 'colcon_pkg'
[6.705s] Level 1:colcon.colcon_core.package_identification:_identify(src/navigation/config) by extensions ['colcon_meta']
[6.705s] Level 1:colcon.colcon_core.package_identification:_identify(src/navigation/config) by extension 'colcon_meta'
[6.705s] Level 1:colcon.colcon_core.package_identification:_identify(src/navigation/config) by extensions ['ros']
[6.705s] Level 1:colcon.colcon_core.package_identification:_identify(src/navigation/config) by extension 'ros'
[6.705s] Level 1:colcon.colcon_core.package_identification:_identify(src/navigation/config) by extensions ['cmake', 'python']
[6.705s] Level 1:colcon.colcon_core.package_identification:_identify(src/navigation/config) by extension 'cmake'
[6.706s] Level 1:colcon.colcon_core.package_identification:_identify(src/navigation/config) by extension 'python'
[6.706s] Level 1:colcon.colcon_core.package_identification:_identify(src/navigation/config) by extensions ['python_setup_py']
[6.706s] Level 1:colcon.colcon_core.package_identification:_identify(src/navigation/config) by extension 'python_setup_py'
[6.707s] Level 1:colcon.colcon_core.package_identification:_identify(src/navigation/maps) by extensions ['ignore', 'ignore_ament_install']
[6.707s] Level 1:colcon.colcon_core.package_identification:_identify(src/navigation/maps) by extension 'ignore'
[6.707s] Level 1:colcon.colcon_core.package_identification:_identify(src/navigation/maps) by extension 'ignore_ament_install'
[6.707s] Level 1:colcon.colcon_core.package_identification:_identify(src/navigation/maps) by extensions ['colcon_pkg']
[6.707s] Level 1:colcon.colcon_core.package_identification:_identify(src/navigation/maps) by extension 'colcon_pkg'
[6.708s] Level 1:colcon.colcon_core.package_identification:_identify(src/navigation/maps) by extensions ['colcon_meta']
[6.708s] Level 1:colcon.colcon_core.package_identification:_identify(src/navigation/maps) by extension 'colcon_meta'
[6.708s] Level 1:colcon.colcon_core.package_identification:_identify(src/navigation/maps) by extensions ['ros']
[6.708s] Level 1:colcon.colcon_core.package_identification:_identify(src/navigation/maps) by extension 'ros'
[6.708s] Level 1:colcon.colcon_core.package_identification:_identify(src/navigation/maps) by extensions ['cmake', 'python']
[6.708s] Level 1:colcon.colcon_core.package_identification:_identify(src/navigation/maps) by extension 'cmake'
[6.708s] Level 1:colcon.colcon_core.package_identification:_identify(src/navigation/maps) by extension 'python'
[6.708s] Level 1:colcon.colcon_core.package_identification:_identify(src/navigation/maps) by extensions ['python_setup_py']
[6.709s] Level 1:colcon.colcon_core.package_identification:_identify(src/navigation/maps) by extension 'python_setup_py'
[6.711s] Level 1:colcon.colcon_core.package_identification:_identify(src/perception) by extensions ['ignore', 'ignore_ament_install']
[6.712s] Level 1:colcon.colcon_core.package_identification:_identify(src/perception) by extension 'ignore'
[6.712s] Level 1:colcon.colcon_core.package_identification:_identify(src/perception) by extension 'ignore_ament_install'
[6.712s] Level 1:colcon.colcon_core.package_identification:_identify(src/perception) by extensions ['colcon_pkg']
[6.712s] Level 1:colcon.colcon_core.package_identification:_identify(src/perception) by extension 'colcon_pkg'
[6.712s] Level 1:colcon.colcon_core.package_identification:_identify(src/perception) by extensions ['colcon_meta']
[6.712s] Level 1:colcon.colcon_core.package_identification:_identify(src/perception) by extension 'colcon_meta'
[6.712s] Level 1:colcon.colcon_core.package_identification:_identify(src/perception) by extensions ['ros']
[6.712s] Level 1:colcon.colcon_core.package_identification:_identify(src/perception) by extension 'ros'
[6.713s] Level 1:colcon.colcon_core.package_identification:_identify(src/perception) by extensions ['cmake', 'python']
[6.713s] Level 1:colcon.colcon_core.package_identification:_identify(src/perception) by extension 'cmake'
[6.713s] Level 1:colcon.colcon_core.package_identification:_identify(src/perception) by extension 'python'
[6.713s] Level 1:colcon.colcon_core.package_identification:_identify(src/perception) by extensions ['python_setup_py']
[6.713s] Level 1:colcon.colcon_core.package_identification:_identify(src/perception) by extension 'python_setup_py'
[6.714s] Level 1:colcon.colcon_core.package_identification:_identify(src/perception/New folder) by extensions ['ignore', 'ignore_ament_install']
[6.714s] Level 1:colcon.colcon_core.package_identification:_identify(src/perception/New folder) by extension 'ignore'
[6.714s] Level 1:colcon.colcon_core.package_identification:_identify(src/perception/New folder) by extension 'ignore_ament_install'
[6.715s] Level 1:colcon.colcon_core.package_identification:_identify(src/perception/New folder) by extensions ['colcon_pkg']
[6.715s] Level 1:colcon.colcon_core.package_identification:_identify(src/perception/New folder) by extension 'colcon_pkg'
[6.715s] Level 1:colcon.colcon_core.package_identification:_identify(src/perception/New folder) by extensions ['colcon_meta']
[6.715s] Level 1:colcon.colcon_core.package_identification:_identify(src/perception/New folder) by extension 'colcon_meta'
[6.715s] Level 1:colcon.colcon_core.package_identification:_identify(src/perception/New folder) by extensions ['ros']
[6.715s] Level 1:colcon.colcon_core.package_identification:_identify(src/perception/New folder) by extension 'ros'
[6.715s] Level 1:colcon.colcon_core.package_identification:_identify(src/perception/New folder) by extensions ['cmake', 'python']
[6.716s] Level 1:colcon.colcon_core.package_identification:_identify(src/perception/New folder) by extension 'cmake'
[6.716s] Level 1:colcon.colcon_core.package_identification:_identify(src/perception/New folder) by extension 'python'
[6.716s] Level 1:colcon.colcon_core.package_identification:_identify(src/perception/New folder) by extensions ['python_setup_py']
[6.716s] Level 1:colcon.colcon_core.package_identification:_identify(src/perception/New folder) by extension 'python_setup_py'
[6.717s] Level 1:colcon.colcon_core.package_identification:_identify(src/perception/config) by extensions ['ignore', 'ignore_ament_install']
[6.717s] Level 1:colcon.colcon_core.package_identification:_identify(src/perception/config) by extension 'ignore'
[6.717s] Level 1:colcon.colcon_core.package_identification:_identify(src/perception/config) by extension 'ignore_ament_install'
[6.717s] Level 1:colcon.colcon_core.package_identification:_identify(src/perception/config) by extensions ['colcon_pkg']
[6.718s] Level 1:colcon.colcon_core.package_identification:_identify(src/perception/config) by extension 'colcon_pkg'
[6.718s] Level 1:colcon.colcon_core.package_identification:_identify(src/perception/config) by extensions ['colcon_meta']
[6.718s] Level 1:colcon.colcon_core.package_identification:_identify(src/perception/config) by extension 'colcon_meta'
[6.718s] Level 1:colcon.colcon_core.package_identification:_identify(src/perception/config) by extensions ['ros']
[6.718s] Level 1:colcon.colcon_core.package_identification:_identify(src/perception/config) by extension 'ros'
[6.718s] Level 1:colcon.colcon_core.package_identification:_identify(src/perception/config) by extensions ['cmake', 'python']
[6.718s] Level 1:colcon.colcon_core.package_identification:_identify(src/perception/config) by extension 'cmake'
[6.718s] Level 1:colcon.colcon_core.package_identification:_identify(src/perception/config) by extension 'python'
[6.718s] Level 1:colcon.colcon_core.package_identification:_identify(src/perception/config) by extensions ['python_setup_py']
[6.719s] Level 1:colcon.colcon_core.package_identification:_identify(src/perception/config) by extension 'python_setup_py'
[6.720s] Level 1:colcon.colcon_core.package_identification:_identify(src/perception/launch) by extensions ['ignore', 'ignore_ament_install']
[6.720s] Level 1:colcon.colcon_core.package_identification:_identify(src/perception/launch) by extension 'ignore'
[6.720s] Level 1:colcon.colcon_core.package_identification:_identify(src/perception/launch) by extension 'ignore_ament_install'
[6.720s] Level 1:colcon.colcon_core.package_identification:_identify(src/perception/launch) by extensions ['colcon_pkg']
[6.720s] Level 1:colcon.colcon_core.package_identification:_identify(src/perception/launch) by extension 'colcon_pkg'
[6.720s] Level 1:colcon.colcon_core.package_identification:_identify(src/perception/launch) by extensions ['colcon_meta']
[6.720s] Level 1:colcon.colcon_core.package_identification:_identify(src/perception/launch) by extension 'colcon_meta'
[6.721s] Level 1:colcon.colcon_core.package_identification:_identify(src/perception/launch) by extensions ['ros']
[6.721s] Level 1:colcon.colcon_core.package_identification:_identify(src/perception/launch) by extension 'ros'
[6.721s] Level 1:colcon.colcon_core.package_identification:_identify(src/perception/launch) by extensions ['cmake', 'python']
[6.721s] Level 1:colcon.colcon_core.package_identification:_identify(src/perception/launch) by extension 'cmake'
[6.721s] Level 1:colcon.colcon_core.package_identification:_identify(src/perception/launch) by extension 'python'
[6.721s] Level 1:colcon.colcon_core.package_identification:_identify(src/perception/launch) by extensions ['python_setup_py']
[6.721s] Level 1:colcon.colcon_core.package_identification:_identify(src/perception/launch) by extension 'python_setup_py'
[6.722s] Level 1:colcon.colcon_core.package_identification:_identify(src/perception/resource) by extensions ['ignore', 'ignore_ament_install']
[6.722s] Level 1:colcon.colcon_core.package_identification:_identify(src/perception/resource) by extension 'ignore'
[6.723s] Level 1:colcon.colcon_core.package_identification:_identify(src/perception/resource) by extension 'ignore_ament_install'
[6.723s] Level 1:colcon.colcon_core.package_identification:_identify(src/perception/resource) by extensions ['colcon_pkg']
[6.723s] Level 1:colcon.colcon_core.package_identification:_identify(src/perception/resource) by extension 'colcon_pkg'
[6.723s] Level 1:colcon.colcon_core.package_identification:_identify(src/perception/resource) by extensions ['colcon_meta']
[6.723s] Level 1:colcon.colcon_core.package_identification:_identify(src/perception/resource) by extension 'colcon_meta'
[6.723s] Level 1:colcon.colcon_core.package_identification:_identify(src/perception/resource) by extensions ['ros']
[6.723s] Level 1:colcon.colcon_core.package_identification:_identify(src/perception/resource) by extension 'ros'
[6.724s] Level 1:colcon.colcon_core.package_identification:_identify(src/perception/resource) by extensions ['cmake', 'python']
[6.724s] Level 1:colcon.colcon_core.package_identification:_identify(src/perception/resource) by extension 'cmake'
[6.724s] Level 1:colcon.colcon_core.package_identification:_identify(src/perception/resource) by extension 'python'
[6.724s] Level 1:colcon.colcon_core.package_identification:_identify(src/perception/resource) by extensions ['python_setup_py']
[6.724s] Level 1:colcon.colcon_core.package_identification:_identify(src/perception/resource) by extension 'python_setup_py'
[6.725s] Level 1:colcon.colcon_core.package_identification:_identify(src/robot_model) by extensions ['ignore', 'ignore_ament_install']
[6.725s] Level 1:colcon.colcon_core.package_identification:_identify(src/robot_model) by extension 'ignore'
[6.725s] Level 1:colcon.colcon_core.package_identification:_identify(src/robot_model) by extension 'ignore_ament_install'
[6.725s] Level 1:colcon.colcon_core.package_identification:_identify(src/robot_model) by extensions ['colcon_pkg']
[6.725s] Level 1:colcon.colcon_core.package_identification:_identify(src/robot_model) by extension 'colcon_pkg'
[6.726s] Level 1:colcon.colcon_core.package_identification:_identify(src/robot_model) by extensions ['colcon_meta']
[6.726s] Level 1:colcon.colcon_core.package_identification:_identify(src/robot_model) by extension 'colcon_meta'
[6.726s] Level 1:colcon.colcon_core.package_identification:_identify(src/robot_model) by extensions ['ros']
[6.726s] Level 1:colcon.colcon_core.package_identification:_identify(src/robot_model) by extension 'ros'
[6.772s] DEBUG:colcon.colcon_core.package_identification:Package 'src/robot_model' with type 'ros.ament_cmake' and name 'robot_model'
[6.773s] Level 1:colcon.colcon_core.package_identification:_identify(src/start_up) by extensions ['ignore', 'ignore_ament_install']
[6.773s] Level 1:colcon.colcon_core.package_identification:_identify(src/start_up) by extension 'ignore'
[6.773s] Level 1:colcon.colcon_core.package_identification:_identify(src/start_up) by extension 'ignore_ament_install'
[6.774s] Level 1:colcon.colcon_core.package_identification:_identify(src/start_up) by extensions ['colcon_pkg']
[6.774s] Level 1:colcon.colcon_core.package_identification:_identify(src/start_up) by extension 'colcon_pkg'
[6.774s] Level 1:colcon.colcon_core.package_identification:_identify(src/start_up) by extensions ['colcon_meta']
[6.774s] Level 1:colcon.colcon_core.package_identification:_identify(src/start_up) by extension 'colcon_meta'
[6.774s] Level 1:colcon.colcon_core.package_identification:_identify(src/start_up) by extensions ['ros']
[6.774s] Level 1:colcon.colcon_core.package_identification:_identify(src/start_up) by extension 'ros'
[6.774s] Level 1:colcon.colcon_core.package_identification:_identify(src/start_up) by extensions ['cmake', 'python']
[6.775s] Level 1:colcon.colcon_core.package_identification:_identify(src/start_up) by extension 'cmake'
[6.775s] Level 1:colcon.colcon_core.package_identification:_identify(src/start_up) by extension 'python'
[6.775s] Level 1:colcon.colcon_core.package_identification:_identify(src/start_up) by extensions ['python_setup_py']
[6.775s] Level 1:colcon.colcon_core.package_identification:_identify(src/start_up) by extension 'python_setup_py'
[6.776s] Level 1:colcon.colcon_core.package_identification:_identify(src/start_up/config) by extensions ['ignore', 'ignore_ament_install']
[6.776s] Level 1:colcon.colcon_core.package_identification:_identify(src/start_up/config) by extension 'ignore'
[6.776s] Level 1:colcon.colcon_core.package_identification:_identify(src/start_up/config) by extension 'ignore_ament_install'
[6.776s] Level 1:colcon.colcon_core.package_identification:_identify(src/start_up/config) by extensions ['colcon_pkg']
[6.777s] Level 1:colcon.colcon_core.package_identification:_identify(src/start_up/config) by extension 'colcon_pkg'
[6.777s] Level 1:colcon.colcon_core.package_identification:_identify(src/start_up/config) by extensions ['colcon_meta']
[6.777s] Level 1:colcon.colcon_core.package_identification:_identify(src/start_up/config) by extension 'colcon_meta'
[6.777s] Level 1:colcon.colcon_core.package_identification:_identify(src/start_up/config) by extensions ['ros']
[6.777s] Level 1:colcon.colcon_core.package_identification:_identify(src/start_up/config) by extension 'ros'
[6.777s] Level 1:colcon.colcon_core.package_identification:_identify(src/start_up/config) by extensions ['cmake', 'python']
[6.777s] Level 1:colcon.colcon_core.package_identification:_identify(src/start_up/config) by extension 'cmake'
[6.777s] Level 1:colcon.colcon_core.package_identification:_identify(src/start_up/config) by extension 'python'
[6.778s] Level 1:colcon.colcon_core.package_identification:_identify(src/start_up/config) by extensions ['python_setup_py']
[6.778s] Level 1:colcon.colcon_core.package_identification:_identify(src/start_up/config) by extension 'python_setup_py'
[6.779s] Level 1:colcon.colcon_core.package_identification:_identify(src/start_up/launch) by extensions ['ignore', 'ignore_ament_install']
[6.779s] Level 1:colcon.colcon_core.package_identification:_identify(src/start_up/launch) by extension 'ignore'
[6.779s] Level 1:colcon.colcon_core.package_identification:_identify(src/start_up/launch) by extension 'ignore_ament_install'
[6.779s] Level 1:colcon.colcon_core.package_identification:_identify(src/start_up/launch) by extensions ['colcon_pkg']
[6.780s] Level 1:colcon.colcon_core.package_identification:_identify(src/start_up/launch) by extension 'colcon_pkg'
[6.780s] Level 1:colcon.colcon_core.package_identification:_identify(src/start_up/launch) by extensions ['colcon_meta']
[6.780s] Level 1:colcon.colcon_core.package_identification:_identify(src/start_up/launch) by extension 'colcon_meta'
[6.780s] Level 1:colcon.colcon_core.package_identification:_identify(src/start_up/launch) by extensions ['ros']
[6.780s] Level 1:colcon.colcon_core.package_identification:_identify(src/start_up/launch) by extension 'ros'
[6.780s] Level 1:colcon.colcon_core.package_identification:_identify(src/start_up/launch) by extensions ['cmake', 'python']
[6.780s] Level 1:colcon.colcon_core.package_identification:_identify(src/start_up/launch) by extension 'cmake'
[6.780s] Level 1:colcon.colcon_core.package_identification:_identify(src/start_up/launch) by extension 'python'
[6.781s] Level 1:colcon.colcon_core.package_identification:_identify(src/start_up/launch) by extensions ['python_setup_py']
[6.781s] Level 1:colcon.colcon_core.package_identification:_identify(src/start_up/launch) by extension 'python_setup_py'
[6.781s] Level 1:colcon.colcon_core.package_discovery:discover_packages(recursive) using defaults
[6.781s] Level 1:colcon.colcon_core.package_discovery:discover_packages(ignore) discover
[6.781s] Level 1:colcon.colcon_core.package_discovery:discover_packages(ignore) using defaults
[6.781s] Level 1:colcon.colcon_core.package_discovery:discover_packages(path) discover
[6.781s] Level 1:colcon.colcon_core.package_discovery:discover_packages(path) using defaults
[7.091s] Level 1:colcon.colcon_core.package_discovery:discover_packages(prefix_path) check parameters
[7.091s] Level 1:colcon.colcon_core.package_discovery:discover_packages(prefix_path) discover
[7.112s] DEBUG:colcon.colcon_installed_package_information.package_discovery:Found 307 installed packages in /opt/ros/jazzy
[7.115s] Level 1:colcon.colcon_core.package_discovery:discover_packages(prefix_path) using defaults
[7.273s] Level 5:colcon.colcon_core.verb:set package 'robot_model' build argument 'cmake_args' from command line to 'None'
[7.274s] Level 5:colcon.colcon_core.verb:set package 'robot_model' build argument 'cmake_target' from command line to 'None'
[7.274s] Level 5:colcon.colcon_core.verb:set package 'robot_model' build argument 'cmake_target_skip_unavailable' from command line to 'False'
[7.274s] Level 5:colcon.colcon_core.verb:set package 'robot_model' build argument 'cmake_clean_cache' from command line to 'False'
[7.274s] Level 5:colcon.colcon_core.verb:set package 'robot_model' build argument 'cmake_clean_first' from command line to 'False'
[7.274s] Level 5:colcon.colcon_core.verb:set package 'robot_model' build argument 'cmake_force_configure' from command line to 'False'
[7.274s] Level 5:colcon.colcon_core.verb:set package 'robot_model' build argument 'ament_cmake_args' from command line to 'None'
[7.274s] Level 5:colcon.colcon_core.verb:set package 'robot_model' build argument 'catkin_cmake_args' from command line to 'None'
[7.274s] Level 5:colcon.colcon_core.verb:set package 'robot_model' build argument 'catkin_skip_building_tests' from command line to 'False'
[7.274s] DEBUG:colcon.colcon_core.verb:Building package 'robot_model' with the following arguments: {'ament_cmake_args': None, 'build_base': '/home/info/ME4857Assignment2/build/robot_model', 'catkin_cmake_args': None, 'catkin_skip_building_tests': False, 'cmake_args': None, 'cmake_clean_cache': False, 'cmake_clean_first': False, 'cmake_force_configure': False, 'cmake_target': None, 'cmake_target_skip_unavailable': False, 'install_base': '/home/info/ME4857Assignment2/install/robot_model', 'merge_install': False, 'path': '/home/info/ME4857Assignment2/src/robot_model', 'symlink_install': True, 'test_result_base': None}
[7.274s] INFO:colcon.colcon_core.executor:Executing jobs using 'parallel' executor
[7.277s] DEBUG:colcon.colcon_parallel_executor.executor.parallel:run_until_complete
[7.278s] INFO:colcon.colcon_ros.task.ament_cmake.build:Building ROS package in '/home/info/ME4857Assignment2/src/robot_model' with build type 'ament_cmake'
[7.279s] INFO:colcon.colcon_cmake.task.cmake.build:Building CMake package in '/home/info/ME4857Assignment2/src/robot_model'
[7.348s] INFO:colcon.colcon_core.plugin_system:Skipping extension 'colcon_core.shell.bat': Not used on non-Windows systems
[7.348s] INFO:colcon.colcon_core.shell:Skip shell extension 'powershell' for command environment: Not usable outside of PowerShell
[7.349s] DEBUG:colcon.colcon_core.shell:Skip shell extension 'dsv' for command environment
[7.423s] DEBUG:colcon.colcon_core.event_handler.log_command:Invoking command in '/home/info/ME4857Assignment2/build/robot_model': CMAKE_PREFIX_PATH=${CMAKE_PREFIX_PATH}:/opt/ros/jazzy /usr/bin/cmake --build /home/info/ME4857Assignment2/build/robot_model -- -j4 -l4
[8.495s] DEBUG:colcon.colcon_core.event_handler.log_command:Invoked command in '/home/info/ME4857Assignment2/build/robot_model' returned '0': CMAKE_PREFIX_PATH=${CMAKE_PREFIX_PATH}:/opt/ros/jazzy /usr/bin/cmake --build /home/info/ME4857Assignment2/build/robot_model -- -j4 -l4
[8.595s] DEBUG:colcon.colcon_core.event_handler.log_command:Invoking command in '/home/info/ME4857Assignment2/build/robot_model': CMAKE_PREFIX_PATH=${CMAKE_PREFIX_PATH}:/opt/ros/jazzy /usr/bin/cmake --install /home/info/ME4857Assignment2/build/robot_model
[9.092s] Level 1:colcon.colcon_core.environment:create_environment_scripts_only(robot_model)
[9.093s] DEBUG:colcon.colcon_core.event_handler.log_command:Invoked command in '/home/info/ME4857Assignment2/build/robot_model' returned '0': CMAKE_PREFIX_PATH=${CMAKE_PREFIX_PATH}:/opt/ros/jazzy /usr/bin/cmake --install /home/info/ME4857Assignment2/build/robot_model
[9.224s] Level 1:colcon.colcon_core.environment:checking '/home/info/ME4857Assignment2/install/robot_model' for CMake module files
[9.228s] Level 1:colcon.colcon_core.environment:checking '/home/info/ME4857Assignment2/install/robot_model' for CMake config files
[9.246s] Level 1:colcon.colcon_core.shell:create_environment_hook('robot_model', 'cmake_prefix_path')
[9.247s] INFO:colcon.colcon_core.shell:Creating environment hook '/home/info/ME4857Assignment2/install/robot_model/share/robot_model/hook/cmake_prefix_path.ps1'
[9.265s] INFO:colcon.colcon_core.shell:Creating environment descriptor '/home/info/ME4857Assignment2/install/robot_model/share/robot_model/hook/cmake_prefix_path.dsv'
[9.276s] INFO:colcon.colcon_core.shell:Creating environment hook '/home/info/ME4857Assignment2/install/robot_model/share/robot_model/hook/cmake_prefix_path.sh'
[9.283s] Level 1:colcon.colcon_core.environment:checking '/home/info/ME4857Assignment2/install/robot_model/bin'
[9.283s] Level 1:colcon.colcon_core.environment:checking '/home/info/ME4857Assignment2/install/robot_model/lib/pkgconfig/robot_model.pc'
[9.284s] Level 1:colcon.colcon_core.environment:checking '/home/info/ME4857Assignment2/install/robot_model/lib/python3.12/site-packages'
[9.286s] Level 1:colcon.colcon_core.environment:checking '/home/info/ME4857Assignment2/install/robot_model/bin'
[9.287s] INFO:colcon.colcon_core.shell:Creating package script '/home/info/ME4857Assignment2/install/robot_model/share/robot_model/package.ps1'
[9.291s] INFO:colcon.colcon_core.shell:Creating package descriptor '/home/info/ME4857Assignment2/install/robot_model/share/robot_model/package.dsv'
[9.296s] INFO:colcon.colcon_core.shell:Creating package script '/home/info/ME4857Assignment2/install/robot_model/share/robot_model/package.sh'
[9.300s] INFO:colcon.colcon_core.shell:Creating package script '/home/info/ME4857Assignment2/install/robot_model/share/robot_model/package.bash'
[9.323s] INFO:colcon.colcon_core.shell:Creating package script '/home/info/ME4857Assignment2/install/robot_model/share/robot_model/package.zsh'
[9.341s] Level 1:colcon.colcon_core.environment:create_file_with_runtime_dependencies(/home/info/ME4857Assignment2/install/robot_model/share/colcon-core/packages/robot_model)
[9.357s] Level 1:colcon.colcon_core.environment:create_environment_scripts_only(robot_model)
[9.357s] Level 1:colcon.colcon_core.environment:checking '/home/info/ME4857Assignment2/install/robot_model' for CMake module files
[9.359s] Level 1:colcon.colcon_core.environment:checking '/home/info/ME4857Assignment2/install/robot_model' for CMake config files
[9.361s] Level 1:colcon.colcon_core.shell:create_environment_hook('robot_model', 'cmake_prefix_path')
[9.362s] INFO:colcon.colcon_core.shell:Creating environment hook '/home/info/ME4857Assignment2/install/robot_model/share/robot_model/hook/cmake_prefix_path.ps1'
[9.363s] INFO:colcon.colcon_core.shell:Creating environment descriptor '/home/info/ME4857Assignment2/install/robot_model/share/robot_model/hook/cmake_prefix_path.dsv'
[9.364s] INFO:colcon.colcon_core.shell:Creating environment hook '/home/info/ME4857Assignment2/install/robot_model/share/robot_model/hook/cmake_prefix_path.sh'
[9.365s] Level 1:colcon.colcon_core.environment:checking '/home/info/ME4857Assignment2/install/robot_model/bin'
[9.365s] Level 1:colcon.colcon_core.environment:checking '/home/info/ME4857Assignment2/install/robot_model/lib/pkgconfig/robot_model.pc'
[9.365s] Level 1:colcon.colcon_core.environment:checking '/home/info/ME4857Assignment2/install/robot_model/lib/python3.12/site-packages'
[9.366s] Level 1:colcon.colcon_core.environment:checking '/home/info/ME4857Assignment2/install/robot_model/bin'
[9.367s] INFO:colcon.colcon_core.shell:Creating package script '/home/info/ME4857Assignment2/install/robot_model/share/robot_model/package.ps1'
[9.368s] INFO:colcon.colcon_core.shell:Creating package descriptor '/home/info/ME4857Assignment2/install/robot_model/share/robot_model/package.dsv'
[9.368s] INFO:colcon.colcon_core.shell:Creating package script '/home/info/ME4857Assignment2/install/robot_model/share/robot_model/package.sh'
[9.369s] INFO:colcon.colcon_core.shell:Creating package script '/home/info/ME4857Assignment2/install/robot_model/share/robot_model/package.bash'
[9.370s] INFO:colcon.colcon_core.shell:Creating package script '/home/info/ME4857Assignment2/install/robot_model/share/robot_model/package.zsh'
[9.371s] Level 1:colcon.colcon_core.environment:create_file_with_runtime_dependencies(/home/info/ME4857Assignment2/install/robot_model/share/colcon-core/packages/robot_model)
[9.371s] DEBUG:colcon.colcon_parallel_executor.executor.parallel:closing loop
[9.373s] DEBUG:colcon.colcon_parallel_executor.executor.parallel:loop closed
[9.373s] DEBUG:colcon.colcon_parallel_executor.executor.parallel:run_until_complete finished with '0'
[9.373s] DEBUG:colcon.colcon_core.event_reactor:joining thread
[9.458s] INFO:colcon.colcon_core.plugin_system:Skipping extension 'colcon_notification.desktop_notification.notify_send': Could not find 'notify-send'
[9.458s] INFO:colcon.colcon_core.plugin_system:Skipping extension 'colcon_notification.desktop_notification.terminal_notifier': Not used on non-Darwin systems
[9.459s] INFO:colcon.colcon_core.plugin_system:Skipping extension 'colcon_notification.desktop_notification.win32': Not used on non-Windows systems
[9.459s] INFO:colcon.colcon_notification.desktop_notification:Sending desktop notification using 'notify2'
[9.705s] DEBUG:colcon.colcon_notification.desktop_notification.notify2:Failed to initialize notify2: org.freedesktop.DBus.Error.ServiceUnknown: The name org.freedesktop.Notifications was not provided by any .service files
[9.706s] DEBUG:colcon.colcon_core.event_reactor:joined thread
[9.707s] INFO:colcon.colcon_core.shell:Creating prefix script '/home/info/ME4857Assignment2/install/local_setup.ps1'
[9.721s] INFO:colcon.colcon_core.shell:Creating prefix util module '/home/info/ME4857Assignment2/install/_local_setup_util_ps1.py'
[9.735s] INFO:colcon.colcon_core.shell:Creating prefix chain script '/home/info/ME4857Assignment2/install/setup.ps1'
[9.740s] INFO:colcon.colcon_core.shell:Creating prefix script '/home/info/ME4857Assignment2/install/local_setup.sh'
[9.743s] INFO:colcon.colcon_core.shell:Creating prefix util module '/home/info/ME4857Assignment2/install/_local_setup_util_sh.py'
[9.744s] INFO:colcon.colcon_core.shell:Creating prefix chain script '/home/info/ME4857Assignment2/install/setup.sh'
[9.748s] INFO:colcon.colcon_core.shell:Creating prefix script '/home/info/ME4857Assignment2/install/local_setup.bash'
[9.749s] INFO:colcon.colcon_core.shell:Creating prefix chain script '/home/info/ME4857Assignment2/install/setup.bash'
[9.753s] INFO:colcon.colcon_core.shell:Creating prefix script '/home/info/ME4857Assignment2/install/local_setup.zsh'
[9.755s] INFO:colcon.colcon_core.shell:Creating prefix chain script '/home/info/ME4857Assignment2/install/setup.zsh'
