[0.103s] Invoking command in '/home/info/ME4857Assignment2/build/robot_model': CMAKE_PREFIX_PATH=${CMAKE_PREFIX_PATH}:/opt/ros/jazzy /usr/bin/cmake --build /home/info/ME4857Assignment2/build/robot_model -- -j4 -l4
[1.073s] Invoked command in '/home/info/ME4857Assignment2/build/robot_model' returned '0': CMAKE_PREFIX_PATH=${CMAKE_PREFIX_PATH}:/opt/ros/jazzy /usr/bin/cmake --build /home/info/ME4857Assignment2/build/robot_model -- -j4 -l4
[1.141s] Invoking command in '/home/info/ME4857Assignment2/build/robot_model': CMAKE_PREFIX_PATH=${CMAKE_PREFIX_PATH}:/opt/ros/jazzy /usr/bin/cmake --install /home/info/ME4857Assignment2/build/robot_model
[1.171s] -- Install configuration: ""
[1.189s] -- Execute custom install script
[1.273s] -- Symlinking: /home/info/ME4857Assignment2/install/robot_model/share/robot_model/urdf/robot_model - Copy.urdf:Zone.Identifier
[1.303s] -- Up-to-date symlink: /home/info/ME4857Assignment2/install/robot_model/share/robot_model/urdf/robot_model.csv
[1.304s] -- Up-to-date symlink: /home/info/ME4857Assignment2/install/robot_model/share/robot_model/urdf/robot_model.urdf
[1.322s] -- Up-to-date symlink: /home/info/ME4857Assignment2/install/robot_model/share/robot_model/meshes/base_link.STL
[1.323s] -- Up-to-date symlink: /home/info/ME4857Assignment2/install/robot_model/share/robot_model/meshes/link_BL.STL
[1.346s] -- Up-to-date symlink: /home/info/ME4857Assignment2/install/robot_model/share/robot_model/meshes/link_BR.STL
[1.347s] -- Up-to-date symlink: /home/info/ME4857Assignment2/install/robot_model/share/robot_model/meshes/link_FL.STL
[1.349s] -- Up-to-date symlink: /home/info/ME4857Assignment2/install/robot_model/share/robot_model/meshes/link_FR.STL
[1.350s] -- Up-to-date symlink: /home/info/ME4857Assignment2/install/robot_model/share/robot_model/meshes/link_ML.STL
[1.367s] -- Up-to-date symlink: /home/info/ME4857Assignment2/install/robot_model/share/robot_model/meshes/link_MR.STL
[1.389s] -- Up-to-date symlink: /home/info/ME4857Assignment2/install/robot_model/share/robot_model/launch/display.launch.py
[1.393s] -- Up-to-date symlink: /home/info/ME4857Assignment2/install/robot_model/share/robot_model/launch/gazebo.launch.py
[1.409s] -- Up-to-date symlink: /home/info/ME4857Assignment2/install/robot_model/share/robot_model/config/joint_names_robot_model.yaml
[1.458s] -- Up-to-date symlink: /home/info/ME4857Assignment2/install/robot_model/share/ament_index/resource_index/package_run_dependencies/robot_model
[1.460s] -- Up-to-date symlink: /home/info/ME4857Assignment2/install/robot_model/share/ament_index/resource_index/parent_prefix_path/robot_model
[1.480s] -- Up-to-date symlink: /home/info/ME4857Assignment2/install/robot_model/share/robot_model/environment/ament_prefix_path.sh
[1.481s] -- Up-to-date symlink: /home/info/ME4857Assignment2/install/robot_model/share/robot_model/environment/ament_prefix_path.dsv
[1.483s] -- Up-to-date symlink: /home/info/ME4857Assignment2/install/robot_model/share/robot_model/environment/path.sh
[1.484s] -- Up-to-date symlink: /home/info/ME4857Assignment2/install/robot_model/share/robot_model/environment/path.dsv
[1.485s] -- Up-to-date symlink: /home/info/ME4857Assignment2/install/robot_model/share/robot_model/local_setup.bash
[1.486s] -- Up-to-date symlink: /home/info/ME4857Assignment2/install/robot_model/share/robot_model/local_setup.sh
[1.487s] -- Up-to-date symlink: /home/info/ME4857Assignment2/install/robot_model/share/robot_model/local_setup.zsh
[1.488s] -- Up-to-date symlink: /home/info/ME4857Assignment2/install/robot_model/share/robot_model/local_setup.dsv
[1.489s] -- Symlinking: /home/info/ME4857Assignment2/install/robot_model/share/robot_model/package.dsv
[1.516s] -- Up-to-date symlink: /home/info/ME4857Assignment2/install/robot_model/share/ament_index/resource_index/packages/robot_model
[1.518s] -- Up-to-date symlink: /home/info/ME4857Assignment2/install/robot_model/share/robot_model/cmake/robot_modelConfig.cmake
[1.519s] -- Up-to-date symlink: /home/info/ME4857Assignment2/install/robot_model/share/robot_model/cmake/robot_modelConfig-version.cmake
[1.520s] -- Up-to-date symlink: /home/info/ME4857Assignment2/install/robot_model/share/robot_model/package.xml
[1.609s] Invoked command in '/home/info/ME4857Assignment2/build/robot_model' returned '0': CMAKE_PREFIX_PATH=${CMAKE_PREFIX_PATH}:/opt/ros/jazzy /usr/bin/cmake --install /home/info/ME4857Assignment2/build/robot_model
