[0.144s] Invoking command in '/home/info/ME4857Assignment2/build/robot_model': CMAKE_PREFIX_PATH=${CMAKE_PREFIX_PATH}:/opt/ros/jazzy /usr/bin/cmake --build /home/info/ME4857Assignment2/build/robot_model -- -j4 -l4
[1.217s] Invoked command in '/home/info/ME4857Assignment2/build/robot_model' returned '0': CMAKE_PREFIX_PATH=${CMAKE_PREFIX_PATH}:/opt/ros/jazzy /usr/bin/cmake --build /home/info/ME4857Assignment2/build/robot_model -- -j4 -l4
[1.316s] Invoking command in '/home/info/ME4857Assignment2/build/robot_model': CMAKE_PREFIX_PATH=${CMAKE_PREFIX_PATH}:/opt/ros/jazzy /usr/bin/cmake --install /home/info/ME4857Assignment2/build/robot_model
[1.383s] -- Install configuration: ""
[1.402s] -- Execute custom install script
[1.416s] -- Up-to-date symlink: /home/info/ME4857Assignment2/install/robot_model/share/robot_model/urdf/robot_model.csv
[1.433s] -- Up-to-date symlink: /home/info/ME4857Assignment2/install/robot_model/share/robot_model/urdf/robot_model.urdf
[1.446s] -- Up-to-date symlink: /home/info/ME4857Assignment2/install/robot_model/share/robot_model/meshes/base_link.STL
[1.447s] -- Up-to-date symlink: /home/info/ME4857Assignment2/install/robot_model/share/robot_model/meshes/link_BL.STL
[1.458s] -- Up-to-date symlink: /home/info/ME4857Assignment2/install/robot_model/share/robot_model/meshes/link_BR.STL
[1.458s] -- Up-to-date symlink: /home/info/ME4857Assignment2/install/robot_model/share/robot_model/meshes/link_FL.STL
[1.459s] -- Up-to-date symlink: /home/info/ME4857Assignment2/install/robot_model/share/robot_model/meshes/link_FR.STL
[1.460s] -- Up-to-date symlink: /home/info/ME4857Assignment2/install/robot_model/share/robot_model/meshes/link_ML.STL
[1.467s] -- Up-to-date symlink: /home/info/ME4857Assignment2/install/robot_model/share/robot_model/meshes/link_MR.STL
[1.482s] -- Up-to-date symlink: /home/info/ME4857Assignment2/install/robot_model/share/robot_model/worlds/assignment_world.sdf
[1.540s] [33mCMake Warning (dev) at ament_cmake_symlink_install/ament_cmake_symlink_install.cmake:67 (file):
[1.540s]   Policy CMP0009 is not set: FILE GLOB_RECURSE calls should not follow
[1.541s]   symlinks by default.  Run "cmake --help-policy CMP0009" for policy details.
[1.541s]   Use the cmake_policy command to set the policy and suppress this warning.
[1.541s] Call Stack (most recent call first):
[1.541s]   ament_cmake_symlink_install/ament_cmake_symlink_install.cmake:319 (ament_cmake_symlink_install_directory)
[1.542s]   cmake_install.cmake:46 (include)
[1.542s] This warning is for project developers.  Use -Wno-dev to suppress it.
[1.542s] [0m
[1.542s] -- Symlinking: /home/info/ME4857Assignment2/install/robot_model/share/robot_model/launch/__pycache__/gazebo.launch.cpython-312.pyc
[1.567s] -- Up-to-date symlink: /home/info/ME4857Assignment2/install/robot_model/share/robot_model/launch/build/.built_by
[1.567s] -- Up-to-date symlink: /home/info/ME4857Assignment2/install/robot_model/share/robot_model/launch/build/COLCON_IGNORE
[1.569s] -- Up-to-date symlink: /home/info/ME4857Assignment2/install/robot_model/share/robot_model/launch/display.launch
[1.570s] -- Up-to-date symlink: /home/info/ME4857Assignment2/install/robot_model/share/robot_model/launch/gazebo.launch.py
[1.572s] -- Up-to-date symlink: /home/info/ME4857Assignment2/install/robot_model/share/robot_model/launch/install/.colcon_install_layout
[1.573s] -- Up-to-date symlink: /home/info/ME4857Assignment2/install/robot_model/share/robot_model/launch/install/COLCON_IGNORE
[1.574s] -- Up-to-date symlink: /home/info/ME4857Assignment2/install/robot_model/share/robot_model/launch/install/_local_setup_util_ps1.py
[1.592s] -- Up-to-date symlink: /home/info/ME4857Assignment2/install/robot_model/share/robot_model/launch/install/_local_setup_util_sh.py
[1.593s] -- Up-to-date symlink: /home/info/ME4857Assignment2/install/robot_model/share/robot_model/launch/install/local_setup.bash
[1.598s] -- Up-to-date symlink: /home/info/ME4857Assignment2/install/robot_model/share/robot_model/launch/install/local_setup.ps1
[1.609s] -- Up-to-date symlink: /home/info/ME4857Assignment2/install/robot_model/share/robot_model/launch/install/local_setup.sh
[1.610s] -- Up-to-date symlink: /home/info/ME4857Assignment2/install/robot_model/share/robot_model/launch/install/local_setup.zsh
[1.611s] -- Up-to-date symlink: /home/info/ME4857Assignment2/install/robot_model/share/robot_model/launch/install/setup.bash
[1.613s] -- Up-to-date symlink: /home/info/ME4857Assignment2/install/robot_model/share/robot_model/launch/install/setup.ps1
[1.615s] -- Up-to-date symlink: /home/info/ME4857Assignment2/install/robot_model/share/robot_model/launch/install/setup.sh
[1.629s] -- Up-to-date symlink: /home/info/ME4857Assignment2/install/robot_model/share/robot_model/launch/install/setup.zsh
[1.631s] -- Up-to-date symlink: /home/info/ME4857Assignment2/install/robot_model/share/robot_model/launch/log/COLCON_IGNORE
[1.634s] -- Up-to-date symlink: /home/info/ME4857Assignment2/install/robot_model/share/robot_model/launch/log/build_2026-04-23_15-39-53/events.log
[1.635s] -- Up-to-date symlink: /home/info/ME4857Assignment2/install/robot_model/share/robot_model/launch/log/build_2026-04-23_15-39-53/logger_all.log
[1.637s] -- Up-to-date symlink: /home/info/ME4857Assignment2/install/robot_model/share/robot_model/launch/log/latest/events.log
[1.638s] -- Up-to-date symlink: /home/info/ME4857Assignment2/install/robot_model/share/robot_model/launch/log/latest/logger_all.log
[1.640s] -- Up-to-date symlink: /home/info/ME4857Assignment2/install/robot_model/share/robot_model/launch/log/latest_build/events.log
[1.641s] -- Up-to-date symlink: /home/info/ME4857Assignment2/install/robot_model/share/robot_model/launch/log/latest_build/logger_all.log
[1.648s] -- Up-to-date symlink: /home/info/ME4857Assignment2/install/robot_model/share/ament_index/resource_index/package_run_dependencies/robot_model
[1.650s] -- Up-to-date symlink: /home/info/ME4857Assignment2/install/robot_model/share/ament_index/resource_index/parent_prefix_path/robot_model
[1.651s] -- Up-to-date symlink: /home/info/ME4857Assignment2/install/robot_model/share/robot_model/environment/ament_prefix_path.sh
[1.653s] -- Up-to-date symlink: /home/info/ME4857Assignment2/install/robot_model/share/robot_model/environment/ament_prefix_path.dsv
[1.654s] -- Up-to-date symlink: /home/info/ME4857Assignment2/install/robot_model/share/robot_model/environment/path.sh
[1.655s] -- Up-to-date symlink: /home/info/ME4857Assignment2/install/robot_model/share/robot_model/environment/path.dsv
[1.656s] -- Up-to-date symlink: /home/info/ME4857Assignment2/install/robot_model/share/robot_model/local_setup.bash
[1.657s] -- Up-to-date symlink: /home/info/ME4857Assignment2/install/robot_model/share/robot_model/local_setup.sh
[1.658s] -- Up-to-date symlink: /home/info/ME4857Assignment2/install/robot_model/share/robot_model/local_setup.zsh
[1.659s] -- Up-to-date symlink: /home/info/ME4857Assignment2/install/robot_model/share/robot_model/local_setup.dsv
[1.660s] -- Symlinking: /home/info/ME4857Assignment2/install/robot_model/share/robot_model/package.dsv
[1.807s] -- Up-to-date symlink: /home/info/ME4857Assignment2/install/robot_model/share/ament_index/resource_index/packages/robot_model
[1.809s] -- Up-to-date symlink: /home/info/ME4857Assignment2/install/robot_model/share/robot_model/cmake/robot_modelConfig.cmake
[1.809s] -- Up-to-date symlink: /home/info/ME4857Assignment2/install/robot_model/share/robot_model/cmake/robot_modelConfig-version.cmake
[1.810s] -- Up-to-date symlink: /home/info/ME4857Assignment2/install/robot_model/share/robot_model/package.xml
[1.815s] Invoked command in '/home/info/ME4857Assignment2/build/robot_model' returned '0': CMAKE_PREFIX_PATH=${CMAKE_PREFIX_PATH}:/opt/ros/jazzy /usr/bin/cmake --install /home/info/ME4857Assignment2/build/robot_model
