[0.041s] Invoking command in '/home/info/ME4857Assignment2/build/gazebo_worlds': CMAKE_PREFIX_PATH=${CMAKE_PREFIX_PATH}:/opt/ros/jazzy /usr/bin/cmake --build /home/info/ME4857Assignment2/build/gazebo_worlds -- -j4 -l4
[0.198s] Invoked command in '/home/info/ME4857Assignment2/build/gazebo_worlds' returned '0': CMAKE_PREFIX_PATH=${CMAKE_PREFIX_PATH}:/opt/ros/jazzy /usr/bin/cmake --build /home/info/ME4857Assignment2/build/gazebo_worlds -- -j4 -l4
[0.228s] Invoking command in '/home/info/ME4857Assignment2/build/gazebo_worlds': CMAKE_PREFIX_PATH=${CMAKE_PREFIX_PATH}:/opt/ros/jazzy /usr/bin/cmake --install /home/info/ME4857Assignment2/build/gazebo_worlds
[0.259s] -- Install configuration: ""
[0.260s] -- Up-to-date: /home/info/ME4857Assignment2/install/gazebo_worlds/share/gazebo_worlds/worlds
[0.261s] -- Up-to-date: /home/info/ME4857Assignment2/install/gazebo_worlds/share/gazebo_worlds/worlds/assignment_world.sdf
[0.261s] -- Up-to-date: /home/info/ME4857Assignment2/install/gazebo_worlds/share/gazebo_worlds/models
[0.262s] -- Up-to-date: /home/info/ME4857Assignment2/install/gazebo_worlds/share/gazebo_worlds/models/robot_model
[0.267s] -- Up-to-date: /home/info/ME4857Assignment2/install/gazebo_worlds/share/gazebo_worlds/models/robot_model/meshes
[0.268s] -- Up-to-date: /home/info/ME4857Assignment2/install/gazebo_worlds/share/ament_index/resource_index/package_run_dependencies/gazebo_worlds
[0.268s] -- Up-to-date: /home/info/ME4857Assignment2/install/gazebo_worlds/share/ament_index/resource_index/parent_prefix_path/gazebo_worlds
[0.269s] -- Up-to-date: /home/info/ME4857Assignment2/install/gazebo_worlds/share/gazebo_worlds/environment/ament_prefix_path.sh
[0.269s] -- Up-to-date: /home/info/ME4857Assignment2/install/gazebo_worlds/share/gazebo_worlds/environment/ament_prefix_path.dsv
[0.270s] -- Up-to-date: /home/info/ME4857Assignment2/install/gazebo_worlds/share/gazebo_worlds/environment/path.sh
[0.270s] -- Up-to-date: /home/info/ME4857Assignment2/install/gazebo_worlds/share/gazebo_worlds/environment/path.dsv
[0.271s] -- Up-to-date: /home/info/ME4857Assignment2/install/gazebo_worlds/share/gazebo_worlds/local_setup.bash
[0.272s] -- Up-to-date: /home/info/ME4857Assignment2/install/gazebo_worlds/share/gazebo_worlds/local_setup.sh
[0.272s] -- Up-to-date: /home/info/ME4857Assignment2/install/gazebo_worlds/share/gazebo_worlds/local_setup.zsh
[0.273s] -- Up-to-date: /home/info/ME4857Assignment2/install/gazebo_worlds/share/gazebo_worlds/local_setup.dsv
[0.274s] -- Installing: /home/info/ME4857Assignment2/install/gazebo_worlds/share/gazebo_worlds/package.dsv
[0.276s] -- Up-to-date: /home/info/ME4857Assignment2/install/gazebo_worlds/share/ament_index/resource_index/packages/gazebo_worlds
[0.277s] -- Up-to-date: /home/info/ME4857Assignment2/install/gazebo_worlds/share/gazebo_worlds/cmake/gazebo_worldsConfig.cmake
[0.277s] -- Up-to-date: /home/info/ME4857Assignment2/install/gazebo_worlds/share/gazebo_worlds/cmake/gazebo_worldsConfig-version.cmake
[0.278s] -- Up-to-date: /home/info/ME4857Assignment2/install/gazebo_worlds/share/gazebo_worlds/package.xml
[0.290s] Invoked command in '/home/info/ME4857Assignment2/build/gazebo_worlds' returned '0': CMAKE_PREFIX_PATH=${CMAKE_PREFIX_PATH}:/opt/ros/jazzy /usr/bin/cmake --install /home/info/ME4857Assignment2/build/gazebo_worlds
